2021-08-24 11:21:47,655 85QuantileModel.py[line:66] INFO StatsArbModel
2021-08-24 11:21:58,844 utils.py[line:157] INFO NumExpr defaulting to 8 threads.
2021-08-24 11:21:59,053 85QuantileModel.py[line:348] ERROR pair spread not stationary
2021-08-24 11:21:59,080 85QuantileModel.py[line:348] ERROR pair spread not stationary
2021-08-24 11:21:59,106 85QuantileModel.py[line:343] INFO pass
2021-08-24 11:21:59,140 85QuantileModel.py[line:348] ERROR pair spread not stationary
2021-08-24 11:21:59,162 85QuantileModel.py[line:348] ERROR pair spread not stationary
2021-08-24 11:21:59,186 85QuantileModel.py[line:348] ERROR pair spread not stationary
2021-08-24 11:21:59,213 85QuantileModel.py[line:348] ERROR pair spread not stationary
2021-08-24 11:21:59,240 85QuantileModel.py[line:348] ERROR pair spread not stationary
2021-08-24 11:21:59,266 85QuantileModel.py[line:348] ERROR pair spread not stationary
2021-08-24 11:21:59,293 85QuantileModel.py[line:348] ERROR pair spread not stationary
2021-08-24 11:21:59,320 85QuantileModel.py[line:348] ERROR pair spread not stationary
2021-08-24 11:21:59,347 85QuantileModel.py[line:343] INFO pass
2021-08-24 11:21:59,383 85QuantileModel.py[line:348] ERROR pair spread not stationary
2021-08-24 11:21:59,408 85QuantileModel.py[line:348] ERROR pair spread not stationary
2021-08-24 11:21:59,434 85QuantileModel.py[line:348] ERROR pair spread not stationary
2021-08-24 11:21:59,460 85QuantileModel.py[line:348] ERROR pair spread not stationary
2021-08-24 11:21:59,486 85QuantileModel.py[line:348] ERROR pair spread not stationary
2021-08-24 11:21:59,511 85QuantileModel.py[line:343] INFO pass
2021-08-24 11:21:59,549 85QuantileModel.py[line:343] INFO pass
2021-08-24 11:21:59,584 85QuantileModel.py[line:348] ERROR pair spread not stationary
2021-08-24 11:21:59,607 85QuantileModel.py[line:348] ERROR pair spread not stationary
2021-08-24 11:21:59,632 85QuantileModel.py[line:348] ERROR pair spread not stationary
2021-08-24 11:21:59,655 85QuantileModel.py[line:348] ERROR pair spread not stationary
2021-08-24 11:21:59,681 85QuantileModel.py[line:348] ERROR pair spread not stationary
2021-08-24 11:21:59,704 85QuantileModel.py[line:348] ERROR pair spread not stationary
2021-08-24 11:21:59,728 85QuantileModel.py[line:348] ERROR pair spread not stationary
2021-08-24 11:21:59,753 85QuantileModel.py[line:348] ERROR pair spread not stationary
2021-08-24 11:21:59,778 85QuantileModel.py[line:348] ERROR pair spread not stationary
2021-08-24 11:21:59,802 85QuantileModel.py[line:348] ERROR pair spread not stationary
2021-08-24 11:21:59,828 85QuantileModel.py[line:348] ERROR pair spread not stationary
2021-08-24 11:21:59,852 85QuantileModel.py[line:348] ERROR pair spread not stationary
2021-08-24 11:21:59,877 85QuantileModel.py[line:348] ERROR pair spread not stationary
2021-08-24 11:21:59,902 85QuantileModel.py[line:348] ERROR pair spread not stationary
2021-08-24 11:21:59,927 85QuantileModel.py[line:348] ERROR pair spread not stationary
2021-08-24 11:21:59,953 85QuantileModel.py[line:348] ERROR pair spread not stationary
2021-08-24 11:21:59,977 85QuantileModel.py[line:348] ERROR pair spread not stationary
2021-08-24 11:22:00,002 85QuantileModel.py[line:348] ERROR pair spread not stationary
2021-08-24 11:22:00,029 85QuantileModel.py[line:348] ERROR pair spread not stationary
2021-08-24 11:22:00,054 85QuantileModel.py[line:348] ERROR pair spread not stationary
2021-08-24 11:22:00,077 85QuantileModel.py[line:348] ERROR pair spread not stationary
2021-08-24 11:22:00,108 85QuantileModel.py[line:348] ERROR pair spread not stationary
2021-08-24 11:22:00,133 85QuantileModel.py[line:348] ERROR pair spread not stationary
2021-08-24 11:22:00,158 85QuantileModel.py[line:348] ERROR pair spread not stationary
2021-08-24 11:22:00,183 85QuantileModel.py[line:348] ERROR pair spread not stationary
2021-08-24 11:22:00,208 85QuantileModel.py[line:348] ERROR pair spread not stationary
2021-08-24 11:22:00,232 85QuantileModel.py[line:348] ERROR pair spread not stationary
2021-08-24 11:22:00,257 85QuantileModel.py[line:348] ERROR pair spread not stationary
2021-08-24 11:22:00,283 85QuantileModel.py[line:343] INFO pass
2021-08-24 11:22:00,318 85QuantileModel.py[line:348] ERROR pair spread not stationary
2021-08-24 11:22:00,343 85QuantileModel.py[line:348] ERROR pair spread not stationary
2021-08-24 11:22:00,368 85QuantileModel.py[line:348] ERROR pair spread not stationary
2021-08-24 11:22:00,390 85QuantileModel.py[line:348] ERROR pair spread not stationary
2021-08-24 11:22:00,414 85QuantileModel.py[line:348] ERROR pair spread not stationary
2021-08-24 11:22:00,438 85QuantileModel.py[line:348] ERROR pair spread not stationary
2021-08-24 11:22:00,463 85QuantileModel.py[line:348] ERROR pair spread not stationary
2021-08-24 11:22:00,481 85QuantileModel.py[line:348] ERROR pair spread not stationary
2021-08-24 11:22:00,501 85QuantileModel.py[line:348] ERROR pair spread not stationary
2021-08-24 11:22:00,523 85QuantileModel.py[line:348] ERROR pair spread not stationary
2021-08-24 11:22:00,544 85QuantileModel.py[line:343] INFO pass
2021-08-24 11:22:00,586 85QuantileModel.py[line:348] ERROR pair spread not stationary
2021-08-24 11:22:00,608 85QuantileModel.py[line:348] ERROR pair spread not stationary
2021-08-24 11:22:00,630 85QuantileModel.py[line:348] ERROR pair spread not stationary
2021-08-24 11:22:00,652 85QuantileModel.py[line:348] ERROR pair spread not stationary
2021-08-24 11:22:00,674 85QuantileModel.py[line:343] INFO pass
2021-08-24 11:22:00,707 85QuantileModel.py[line:348] ERROR pair spread not stationary
2021-08-24 11:22:00,729 85QuantileModel.py[line:348] ERROR pair spread not stationary
2021-08-24 11:22:00,751 85QuantileModel.py[line:348] ERROR pair spread not stationary
2021-08-24 11:22:00,771 85QuantileModel.py[line:348] ERROR pair spread not stationary
2021-08-24 11:22:00,793 85QuantileModel.py[line:348] ERROR pair spread not stationary
2021-08-24 11:22:00,812 85QuantileModel.py[line:343] INFO pass
2021-08-24 11:22:00,848 85QuantileModel.py[line:348] ERROR pair spread not stationary
2021-08-24 11:22:00,872 85QuantileModel.py[line:348] ERROR pair spread not stationary
2021-08-24 11:22:00,896 85QuantileModel.py[line:348] ERROR pair spread not stationary
2021-08-24 11:22:00,921 85QuantileModel.py[line:343] INFO pass
2021-08-24 11:22:00,956 85QuantileModel.py[line:348] ERROR pair spread not stationary
2021-08-24 11:22:00,981 85QuantileModel.py[line:348] ERROR pair spread not stationary
2021-08-24 11:22:01,006 85QuantileModel.py[line:343] INFO pass
2021-08-24 11:22:01,037 85QuantileModel.py[line:348] ERROR pair spread not stationary
2021-08-24 11:22:01,062 85QuantileModel.py[line:348] ERROR pair spread not stationary
2021-08-24 11:22:01,086 85QuantileModel.py[line:348] ERROR pair spread not stationary
2021-08-24 11:22:01,111 85QuantileModel.py[line:348] ERROR pair spread not stationary
2021-08-24 11:22:01,135 85QuantileModel.py[line:348] ERROR pair spread not stationary
2021-08-24 11:22:01,159 85QuantileModel.py[line:348] ERROR pair spread not stationary
2021-08-24 11:22:01,183 85QuantileModel.py[line:343] INFO pass
2021-08-24 11:22:01,219 85QuantileModel.py[line:348] ERROR pair spread not stationary
2021-08-24 11:22:01,244 85QuantileModel.py[line:348] ERROR pair spread not stationary
2021-08-24 11:22:01,268 85QuantileModel.py[line:348] ERROR pair spread not stationary
2021-08-24 11:22:01,292 85QuantileModel.py[line:348] ERROR pair spread not stationary
2021-08-24 11:22:01,317 85QuantileModel.py[line:348] ERROR pair spread not stationary
2021-08-24 11:22:01,340 85QuantileModel.py[line:348] ERROR pair spread not stationary
2021-08-24 11:22:01,366 85QuantileModel.py[line:348] ERROR pair spread not stationary
2021-08-24 11:22:01,393 85QuantileModel.py[line:348] ERROR pair spread not stationary
2021-08-24 11:22:01,418 85QuantileModel.py[line:348] ERROR pair spread not stationary
2021-08-24 11:22:01,443 85QuantileModel.py[line:343] INFO pass
2021-08-24 11:22:01,478 85QuantileModel.py[line:348] ERROR pair spread not stationary
2021-08-24 11:22:01,502 85QuantileModel.py[line:348] ERROR pair spread not stationary
2021-08-24 11:22:01,527 85QuantileModel.py[line:348] ERROR pair spread not stationary
2021-08-24 11:22:01,552 85QuantileModel.py[line:348] ERROR pair spread not stationary
2021-08-24 11:22:01,577 85QuantileModel.py[line:343] INFO pass
2021-08-24 11:22:01,613 85QuantileModel.py[line:343] INFO pass
2021-08-24 11:22:01,649 85QuantileModel.py[line:348] ERROR pair spread not stationary
2021-08-24 11:22:01,673 85QuantileModel.py[line:348] ERROR pair spread not stationary
2021-08-24 11:22:01,699 85QuantileModel.py[line:348] ERROR pair spread not stationary
2021-08-24 11:23:05,593 85QuantileModel.py[line:66] INFO StatsArbModel
2021-08-24 11:23:08,542 utils.py[line:157] INFO NumExpr defaulting to 8 threads.
2021-08-24 11:23:08,729 85QuantileModel.py[line:348] ERROR pair spread not stationary
2021-08-24 11:23:08,754 85QuantileModel.py[line:348] ERROR pair spread not stationary
2021-08-24 11:23:08,778 85QuantileModel.py[line:343] INFO pass
2021-08-24 11:23:08,810 85QuantileModel.py[line:348] ERROR pair spread not stationary
2021-08-24 11:23:08,830 85QuantileModel.py[line:348] ERROR pair spread not stationary
2021-08-24 11:23:08,852 85QuantileModel.py[line:348] ERROR pair spread not stationary
2021-08-24 11:23:08,875 85QuantileModel.py[line:348] ERROR pair spread not stationary
2021-08-24 11:23:08,899 85QuantileModel.py[line:348] ERROR pair spread not stationary
2021-08-24 11:23:08,925 85QuantileModel.py[line:348] ERROR pair spread not stationary
2021-08-24 11:23:08,949 85QuantileModel.py[line:348] ERROR pair spread not stationary
2021-08-24 11:23:08,974 85QuantileModel.py[line:348] ERROR pair spread not stationary
2021-08-24 11:23:08,997 85QuantileModel.py[line:343] INFO pass
2021-08-24 11:23:09,032 85QuantileModel.py[line:348] ERROR pair spread not stationary
2021-08-24 11:23:09,055 85QuantileModel.py[line:348] ERROR pair spread not stationary
2021-08-24 11:23:09,080 85QuantileModel.py[line:348] ERROR pair spread not stationary
2021-08-24 11:23:09,104 85QuantileModel.py[line:348] ERROR pair spread not stationary
2021-08-24 11:23:09,127 85QuantileModel.py[line:348] ERROR pair spread not stationary
2021-08-24 11:23:09,149 85QuantileModel.py[line:343] INFO pass
2021-08-24 11:23:09,184 85QuantileModel.py[line:343] INFO pass
2021-08-24 11:23:09,219 85QuantileModel.py[line:348] ERROR pair spread not stationary
2021-08-24 11:23:09,241 85QuantileModel.py[line:348] ERROR pair spread not stationary
2021-08-24 11:23:09,266 85QuantileModel.py[line:348] ERROR pair spread not stationary
2021-08-24 11:23:09,288 85QuantileModel.py[line:348] ERROR pair spread not stationary
2021-08-24 11:23:09,312 85QuantileModel.py[line:348] ERROR pair spread not stationary
2021-08-24 11:23:09,336 85QuantileModel.py[line:348] ERROR pair spread not stationary
2021-08-24 11:23:09,360 85QuantileModel.py[line:348] ERROR pair spread not stationary
2021-08-24 11:23:09,385 85QuantileModel.py[line:348] ERROR pair spread not stationary
2021-08-24 11:23:09,409 85QuantileModel.py[line:348] ERROR pair spread not stationary
2021-08-24 11:23:09,434 85QuantileModel.py[line:348] ERROR pair spread not stationary
2021-08-24 11:23:09,458 85QuantileModel.py[line:348] ERROR pair spread not stationary
2021-08-24 11:23:09,483 85QuantileModel.py[line:348] ERROR pair spread not stationary
2021-08-24 11:23:09,507 85QuantileModel.py[line:348] ERROR pair spread not stationary
2021-08-24 11:23:09,531 85QuantileModel.py[line:348] ERROR pair spread not stationary
2021-08-24 11:23:09,555 85QuantileModel.py[line:348] ERROR pair spread not stationary
2021-08-24 11:23:09,580 85QuantileModel.py[line:348] ERROR pair spread not stationary
2021-08-24 11:23:09,604 85QuantileModel.py[line:348] ERROR pair spread not stationary
2021-08-24 11:23:09,627 85QuantileModel.py[line:348] ERROR pair spread not stationary
2021-08-24 11:23:09,651 85QuantileModel.py[line:348] ERROR pair spread not stationary
2021-08-24 11:23:09,673 85QuantileModel.py[line:348] ERROR pair spread not stationary
2021-08-24 11:23:09,694 85QuantileModel.py[line:348] ERROR pair spread not stationary
2021-08-24 11:23:09,718 85QuantileModel.py[line:348] ERROR pair spread not stationary
2021-08-24 11:23:09,743 85QuantileModel.py[line:348] ERROR pair spread not stationary
2021-08-24 11:23:09,767 85QuantileModel.py[line:348] ERROR pair spread not stationary
2021-08-24 11:23:09,791 85QuantileModel.py[line:348] ERROR pair spread not stationary
2021-08-24 11:23:09,815 85QuantileModel.py[line:348] ERROR pair spread not stationary
2021-08-24 11:23:09,840 85QuantileModel.py[line:348] ERROR pair spread not stationary
2021-08-24 11:23:09,864 85QuantileModel.py[line:348] ERROR pair spread not stationary
2021-08-24 11:23:09,889 85QuantileModel.py[line:343] INFO pass
2021-08-24 11:23:09,924 85QuantileModel.py[line:348] ERROR pair spread not stationary
2021-08-24 11:23:09,948 85QuantileModel.py[line:348] ERROR pair spread not stationary
2021-08-24 11:23:09,972 85QuantileModel.py[line:348] ERROR pair spread not stationary
2021-08-24 11:23:09,994 85QuantileModel.py[line:348] ERROR pair spread not stationary
2021-08-24 11:23:10,019 85QuantileModel.py[line:348] ERROR pair spread not stationary
2021-08-24 11:23:10,044 85QuantileModel.py[line:348] ERROR pair spread not stationary
2021-08-24 11:23:10,068 85QuantileModel.py[line:348] ERROR pair spread not stationary
2021-08-24 11:23:10,087 85QuantileModel.py[line:348] ERROR pair spread not stationary
2021-08-24 11:23:10,107 85QuantileModel.py[line:348] ERROR pair spread not stationary
2021-08-24 11:23:10,129 85QuantileModel.py[line:348] ERROR pair spread not stationary
2021-08-24 11:23:10,151 85QuantileModel.py[line:343] INFO pass
2021-08-24 11:23:10,184 85QuantileModel.py[line:348] ERROR pair spread not stationary
2021-08-24 11:23:10,206 85QuantileModel.py[line:348] ERROR pair spread not stationary
2021-08-24 11:23:10,228 85QuantileModel.py[line:348] ERROR pair spread not stationary
2021-08-24 11:23:10,250 85QuantileModel.py[line:348] ERROR pair spread not stationary
2021-08-24 11:23:10,272 85QuantileModel.py[line:343] INFO pass
2021-08-24 11:23:10,304 85QuantileModel.py[line:348] ERROR pair spread not stationary
2021-08-24 11:23:10,325 85QuantileModel.py[line:348] ERROR pair spread not stationary
2021-08-24 11:23:10,347 85QuantileModel.py[line:348] ERROR pair spread not stationary
2021-08-24 11:23:10,368 85QuantileModel.py[line:348] ERROR pair spread not stationary
2021-08-24 11:23:10,390 85QuantileModel.py[line:348] ERROR pair spread not stationary
2021-08-24 11:23:10,409 85QuantileModel.py[line:343] INFO pass
2021-08-24 11:23:10,445 85QuantileModel.py[line:348] ERROR pair spread not stationary
2021-08-24 11:23:10,470 85QuantileModel.py[line:348] ERROR pair spread not stationary
2021-08-24 11:23:10,494 85QuantileModel.py[line:348] ERROR pair spread not stationary
2021-08-24 11:23:10,518 85QuantileModel.py[line:343] INFO pass
2021-08-24 11:23:10,553 85QuantileModel.py[line:348] ERROR pair spread not stationary
2021-08-24 11:23:10,578 85QuantileModel.py[line:348] ERROR pair spread not stationary
2021-08-24 11:23:10,603 85QuantileModel.py[line:343] INFO pass
2021-08-24 11:23:10,636 85QuantileModel.py[line:348] ERROR pair spread not stationary
2021-08-24 11:23:10,660 85QuantileModel.py[line:348] ERROR pair spread not stationary
2021-08-24 11:23:10,684 85QuantileModel.py[line:348] ERROR pair spread not stationary
2021-08-24 11:23:10,708 85QuantileModel.py[line:348] ERROR pair spread not stationary
2021-08-24 11:23:10,733 85QuantileModel.py[line:348] ERROR pair spread not stationary
2021-08-24 11:23:10,756 85QuantileModel.py[line:348] ERROR pair spread not stationary
2021-08-24 11:23:10,780 85QuantileModel.py[line:343] INFO pass
2021-08-24 11:23:10,815 85QuantileModel.py[line:348] ERROR pair spread not stationary
2021-08-24 11:23:10,840 85QuantileModel.py[line:348] ERROR pair spread not stationary
2021-08-24 11:23:10,864 85QuantileModel.py[line:348] ERROR pair spread not stationary
2021-08-24 11:23:10,889 85QuantileModel.py[line:348] ERROR pair spread not stationary
2021-08-24 11:23:10,919 85QuantileModel.py[line:348] ERROR pair spread not stationary
2021-08-24 11:23:10,949 85QuantileModel.py[line:348] ERROR pair spread not stationary
2021-08-24 11:23:10,974 85QuantileModel.py[line:348] ERROR pair spread not stationary
2021-08-24 11:23:11,001 85QuantileModel.py[line:348] ERROR pair spread not stationary
2021-08-24 11:23:11,025 85QuantileModel.py[line:348] ERROR pair spread not stationary
2021-08-24 11:23:11,050 85QuantileModel.py[line:343] INFO pass
2021-08-24 11:23:11,086 85QuantileModel.py[line:348] ERROR pair spread not stationary
2021-08-24 11:23:11,110 85QuantileModel.py[line:348] ERROR pair spread not stationary
2021-08-24 11:23:11,135 85QuantileModel.py[line:348] ERROR pair spread not stationary
2021-08-24 11:23:11,159 85QuantileModel.py[line:348] ERROR pair spread not stationary
2021-08-24 11:23:11,184 85QuantileModel.py[line:343] INFO pass
2021-08-24 11:23:11,222 85QuantileModel.py[line:343] INFO pass
2021-08-24 11:23:11,259 85QuantileModel.py[line:348] ERROR pair spread not stationary
2021-08-24 11:23:11,283 85QuantileModel.py[line:348] ERROR pair spread not stationary
2021-08-24 11:23:11,307 85QuantileModel.py[line:348] ERROR pair spread not stationary
2021-08-24 11:25:28,801 85QuantileModel.py[line:66] INFO StatsArbModel
2021-08-24 11:25:34,975 utils.py[line:157] INFO NumExpr defaulting to 8 threads.
2021-08-24 11:25:35,218 85QuantileModel.py[line:348] ERROR pair spread not stationary
2021-08-24 11:25:35,250 85QuantileModel.py[line:348] ERROR pair spread not stationary
2021-08-24 11:25:35,285 85QuantileModel.py[line:343] INFO pass
2021-08-24 11:25:35,322 85QuantileModel.py[line:348] ERROR pair spread not stationary
2021-08-24 11:25:35,356 85QuantileModel.py[line:348] ERROR pair spread not stationary
2021-08-24 11:25:35,389 85QuantileModel.py[line:348] ERROR pair spread not stationary
2021-08-24 11:25:35,424 85QuantileModel.py[line:348] ERROR pair spread not stationary
2021-08-24 11:25:35,459 85QuantileModel.py[line:348] ERROR pair spread not stationary
2021-08-24 11:25:35,496 85QuantileModel.py[line:348] ERROR pair spread not stationary
2021-08-24 11:25:35,531 85QuantileModel.py[line:348] ERROR pair spread not stationary
2021-08-24 11:25:35,567 85QuantileModel.py[line:348] ERROR pair spread not stationary
2021-08-24 11:25:35,604 85QuantileModel.py[line:343] INFO pass
2021-08-24 11:25:35,644 85QuantileModel.py[line:348] ERROR pair spread not stationary
2021-08-24 11:25:35,704 85QuantileModel.py[line:348] ERROR pair spread not stationary
2021-08-24 11:25:35,750 85QuantileModel.py[line:348] ERROR pair spread not stationary
2021-08-24 11:25:35,798 85QuantileModel.py[line:348] ERROR pair spread not stationary
2021-08-24 11:25:35,868 85QuantileModel.py[line:348] ERROR pair spread not stationary
2021-08-24 11:25:35,900 85QuantileModel.py[line:343] INFO pass
2021-08-24 11:25:35,937 85QuantileModel.py[line:343] INFO pass
2021-08-24 11:25:35,974 85QuantileModel.py[line:348] ERROR pair spread not stationary
2021-08-24 11:25:36,010 85QuantileModel.py[line:348] ERROR pair spread not stationary
2021-08-24 11:25:36,047 85QuantileModel.py[line:348] ERROR pair spread not stationary
2021-08-24 11:25:36,082 85QuantileModel.py[line:348] ERROR pair spread not stationary
2021-08-24 11:25:36,118 85QuantileModel.py[line:348] ERROR pair spread not stationary
2021-08-24 11:25:36,155 85QuantileModel.py[line:348] ERROR pair spread not stationary
2021-08-24 11:25:36,194 85QuantileModel.py[line:348] ERROR pair spread not stationary
2021-08-24 11:25:36,232 85QuantileModel.py[line:348] ERROR pair spread not stationary
2021-08-24 11:25:36,271 85QuantileModel.py[line:348] ERROR pair spread not stationary
2021-08-24 11:25:36,308 85QuantileModel.py[line:348] ERROR pair spread not stationary
2021-08-24 11:25:36,347 85QuantileModel.py[line:348] ERROR pair spread not stationary
2021-08-24 11:25:36,391 85QuantileModel.py[line:348] ERROR pair spread not stationary
2021-08-24 11:25:36,454 85QuantileModel.py[line:348] ERROR pair spread not stationary
2021-08-24 11:25:36,517 85QuantileModel.py[line:348] ERROR pair spread not stationary
2021-08-24 11:25:36,558 85QuantileModel.py[line:348] ERROR pair spread not stationary
2021-08-24 11:25:36,597 85QuantileModel.py[line:348] ERROR pair spread not stationary
2021-08-24 11:25:36,637 85QuantileModel.py[line:348] ERROR pair spread not stationary
2021-08-24 11:25:36,676 85QuantileModel.py[line:348] ERROR pair spread not stationary
2021-08-24 11:25:36,798 85QuantileModel.py[line:348] ERROR pair spread not stationary
2021-08-24 11:25:36,857 85QuantileModel.py[line:348] ERROR pair spread not stationary
2021-08-24 11:25:36,936 85QuantileModel.py[line:348] ERROR pair spread not stationary
2021-08-24 11:25:37,012 85QuantileModel.py[line:348] ERROR pair spread not stationary
2021-08-24 11:25:37,118 85QuantileModel.py[line:348] ERROR pair spread not stationary
2021-08-24 11:25:37,163 85QuantileModel.py[line:348] ERROR pair spread not stationary
2021-08-24 11:25:37,312 85QuantileModel.py[line:348] ERROR pair spread not stationary
2021-08-24 11:25:37,356 85QuantileModel.py[line:348] ERROR pair spread not stationary
2021-08-24 11:25:37,399 85QuantileModel.py[line:348] ERROR pair spread not stationary
2021-08-24 11:25:37,493 85QuantileModel.py[line:348] ERROR pair spread not stationary
2021-08-24 11:25:37,537 85QuantileModel.py[line:343] INFO pass
2021-08-24 11:25:37,578 85QuantileModel.py[line:348] ERROR pair spread not stationary
2021-08-24 11:25:37,622 85QuantileModel.py[line:348] ERROR pair spread not stationary
2021-08-24 11:25:37,665 85QuantileModel.py[line:348] ERROR pair spread not stationary
2021-08-24 11:25:37,705 85QuantileModel.py[line:348] ERROR pair spread not stationary
2021-08-24 11:25:37,745 85QuantileModel.py[line:348] ERROR pair spread not stationary
2021-08-24 11:25:37,784 85QuantileModel.py[line:348] ERROR pair spread not stationary
2021-08-24 11:25:37,823 85QuantileModel.py[line:348] ERROR pair spread not stationary
2021-08-24 11:25:37,855 85QuantileModel.py[line:348] ERROR pair spread not stationary
2021-08-24 11:25:37,890 85QuantileModel.py[line:348] ERROR pair spread not stationary
2021-08-24 11:25:37,927 85QuantileModel.py[line:348] ERROR pair spread not stationary
2021-08-24 11:25:37,963 85QuantileModel.py[line:343] INFO pass
2021-08-24 11:25:38,013 85QuantileModel.py[line:348] ERROR pair spread not stationary
2021-08-24 11:25:38,068 85QuantileModel.py[line:348] ERROR pair spread not stationary
2021-08-24 11:25:38,115 85QuantileModel.py[line:348] ERROR pair spread not stationary
2021-08-24 11:25:38,158 85QuantileModel.py[line:348] ERROR pair spread not stationary
2021-08-24 11:25:38,198 85QuantileModel.py[line:343] INFO pass
2021-08-24 11:25:38,235 85QuantileModel.py[line:348] ERROR pair spread not stationary
2021-08-24 11:25:38,272 85QuantileModel.py[line:348] ERROR pair spread not stationary
2021-08-24 11:25:38,311 85QuantileModel.py[line:348] ERROR pair spread not stationary
2021-08-24 11:25:38,350 85QuantileModel.py[line:348] ERROR pair spread not stationary
2021-08-24 11:25:38,389 85QuantileModel.py[line:348] ERROR pair spread not stationary
2021-08-24 11:25:38,426 85QuantileModel.py[line:343] INFO pass
2021-08-24 11:25:38,468 85QuantileModel.py[line:348] ERROR pair spread not stationary
2021-08-24 11:25:38,509 85QuantileModel.py[line:348] ERROR pair spread not stationary
2021-08-24 11:25:38,556 85QuantileModel.py[line:348] ERROR pair spread not stationary
2021-08-24 11:25:38,599 85QuantileModel.py[line:343] INFO pass
2021-08-24 11:25:38,640 85QuantileModel.py[line:348] ERROR pair spread not stationary
2021-08-24 11:25:38,682 85QuantileModel.py[line:348] ERROR pair spread not stationary
2021-08-24 11:25:38,723 85QuantileModel.py[line:343] INFO pass
2021-08-24 11:25:38,762 85QuantileModel.py[line:348] ERROR pair spread not stationary
2021-08-24 11:25:38,805 85QuantileModel.py[line:348] ERROR pair spread not stationary
2021-08-24 11:25:38,848 85QuantileModel.py[line:348] ERROR pair spread not stationary
2021-08-24 11:25:38,891 85QuantileModel.py[line:348] ERROR pair spread not stationary
2021-08-24 11:25:38,933 85QuantileModel.py[line:348] ERROR pair spread not stationary
2021-08-24 11:25:38,976 85QuantileModel.py[line:348] ERROR pair spread not stationary
2021-08-24 11:25:39,018 85QuantileModel.py[line:343] INFO pass
2021-08-24 11:25:39,062 85QuantileModel.py[line:348] ERROR pair spread not stationary
2021-08-24 11:25:39,105 85QuantileModel.py[line:348] ERROR pair spread not stationary
2021-08-24 11:25:39,148 85QuantileModel.py[line:348] ERROR pair spread not stationary
2021-08-24 11:25:39,195 85QuantileModel.py[line:348] ERROR pair spread not stationary
2021-08-24 11:25:39,238 85QuantileModel.py[line:348] ERROR pair spread not stationary
2021-08-24 11:25:39,282 85QuantileModel.py[line:348] ERROR pair spread not stationary
2021-08-24 11:25:39,326 85QuantileModel.py[line:348] ERROR pair spread not stationary
2021-08-24 11:25:39,370 85QuantileModel.py[line:348] ERROR pair spread not stationary
2021-08-24 11:25:39,414 85QuantileModel.py[line:348] ERROR pair spread not stationary
2021-08-24 11:25:39,459 85QuantileModel.py[line:343] INFO pass
2021-08-24 11:25:39,503 85QuantileModel.py[line:348] ERROR pair spread not stationary
2021-08-24 11:25:39,546 85QuantileModel.py[line:348] ERROR pair spread not stationary
2021-08-24 11:25:39,591 85QuantileModel.py[line:348] ERROR pair spread not stationary
2021-08-24 11:25:39,636 85QuantileModel.py[line:348] ERROR pair spread not stationary
2021-08-24 11:25:39,681 85QuantileModel.py[line:343] INFO pass
2021-08-24 11:25:39,726 85QuantileModel.py[line:343] INFO pass
2021-08-24 11:25:39,770 85QuantileModel.py[line:348] ERROR pair spread not stationary
2021-08-24 11:25:39,815 85QuantileModel.py[line:348] ERROR pair spread not stationary
2021-08-24 11:25:39,862 85QuantileModel.py[line:348] ERROR pair spread not stationary
2021-08-24 11:27:52,590 85QuantileModel.py[line:66] INFO StatsArbModel
2021-08-24 11:27:59,355 utils.py[line:157] INFO NumExpr defaulting to 8 threads.
2021-08-24 11:27:59,539 85QuantileModel.py[line:348] ERROR pair spread not stationary
2021-08-24 11:27:59,571 85QuantileModel.py[line:348] ERROR pair spread not stationary
2021-08-24 11:27:59,606 85QuantileModel.py[line:343] INFO pass
2021-08-24 11:27:59,641 85QuantileModel.py[line:348] ERROR pair spread not stationary
2021-08-24 11:27:59,672 85QuantileModel.py[line:348] ERROR pair spread not stationary
2021-08-24 11:27:59,704 85QuantileModel.py[line:348] ERROR pair spread not stationary
2021-08-24 11:27:59,738 85QuantileModel.py[line:348] ERROR pair spread not stationary
2021-08-24 11:27:59,773 85QuantileModel.py[line:348] ERROR pair spread not stationary
2021-08-24 11:27:59,808 85QuantileModel.py[line:348] ERROR pair spread not stationary
2021-08-24 11:27:59,843 85QuantileModel.py[line:348] ERROR pair spread not stationary
2021-08-24 11:27:59,878 85QuantileModel.py[line:348] ERROR pair spread not stationary
2021-08-24 11:27:59,913 85QuantileModel.py[line:343] INFO pass
2021-08-24 11:27:59,949 85QuantileModel.py[line:348] ERROR pair spread not stationary
2021-08-24 11:27:59,983 85QuantileModel.py[line:348] ERROR pair spread not stationary
2021-08-24 11:28:00,020 85QuantileModel.py[line:348] ERROR pair spread not stationary
2021-08-24 11:28:00,058 85QuantileModel.py[line:348] ERROR pair spread not stationary
2021-08-24 11:28:00,093 85QuantileModel.py[line:348] ERROR pair spread not stationary
2021-08-24 11:28:00,126 85QuantileModel.py[line:343] INFO pass
2021-08-24 11:28:00,161 85QuantileModel.py[line:343] INFO pass
2021-08-24 11:28:00,199 85QuantileModel.py[line:348] ERROR pair spread not stationary
2021-08-24 11:28:00,235 85QuantileModel.py[line:348] ERROR pair spread not stationary
2021-08-24 11:28:00,272 85QuantileModel.py[line:348] ERROR pair spread not stationary
2021-08-24 11:28:00,307 85QuantileModel.py[line:348] ERROR pair spread not stationary
2021-08-24 11:28:00,342 85QuantileModel.py[line:348] ERROR pair spread not stationary
2021-08-24 11:28:00,378 85QuantileModel.py[line:348] ERROR pair spread not stationary
2021-08-24 11:28:00,431 85QuantileModel.py[line:348] ERROR pair spread not stationary
2021-08-24 11:28:00,469 85QuantileModel.py[line:348] ERROR pair spread not stationary
2021-08-24 11:28:00,510 85QuantileModel.py[line:348] ERROR pair spread not stationary
2021-08-24 11:28:00,548 85QuantileModel.py[line:348] ERROR pair spread not stationary
2021-08-24 11:28:00,589 85QuantileModel.py[line:348] ERROR pair spread not stationary
2021-08-24 11:28:00,627 85QuantileModel.py[line:348] ERROR pair spread not stationary
2021-08-24 11:28:00,667 85QuantileModel.py[line:348] ERROR pair spread not stationary
2021-08-24 11:28:00,706 85QuantileModel.py[line:348] ERROR pair spread not stationary
2021-08-24 11:28:00,745 85QuantileModel.py[line:348] ERROR pair spread not stationary
2021-08-24 11:28:00,785 85QuantileModel.py[line:348] ERROR pair spread not stationary
2021-08-24 11:28:00,826 85QuantileModel.py[line:348] ERROR pair spread not stationary
2021-08-24 11:28:00,863 85QuantileModel.py[line:348] ERROR pair spread not stationary
2021-08-24 11:28:00,902 85QuantileModel.py[line:348] ERROR pair spread not stationary
2021-08-24 11:28:00,938 85QuantileModel.py[line:348] ERROR pair spread not stationary
2021-08-24 11:28:00,973 85QuantileModel.py[line:348] ERROR pair spread not stationary
2021-08-24 11:28:01,011 85QuantileModel.py[line:348] ERROR pair spread not stationary
2021-08-24 11:28:01,051 85QuantileModel.py[line:348] ERROR pair spread not stationary
2021-08-24 11:28:01,090 85QuantileModel.py[line:348] ERROR pair spread not stationary
2021-08-24 11:28:01,129 85QuantileModel.py[line:348] ERROR pair spread not stationary
2021-08-24 11:28:01,168 85QuantileModel.py[line:348] ERROR pair spread not stationary
2021-08-24 11:28:01,208 85QuantileModel.py[line:348] ERROR pair spread not stationary
2021-08-24 11:28:01,249 85QuantileModel.py[line:348] ERROR pair spread not stationary
2021-08-24 11:28:01,288 85QuantileModel.py[line:343] INFO pass
2021-08-24 11:28:01,328 85QuantileModel.py[line:348] ERROR pair spread not stationary
2021-08-24 11:28:01,368 85QuantileModel.py[line:348] ERROR pair spread not stationary
2021-08-24 11:28:01,408 85QuantileModel.py[line:348] ERROR pair spread not stationary
2021-08-24 11:28:01,446 85QuantileModel.py[line:348] ERROR pair spread not stationary
2021-08-24 11:28:01,485 85QuantileModel.py[line:348] ERROR pair spread not stationary
2021-08-24 11:28:01,524 85QuantileModel.py[line:348] ERROR pair spread not stationary
2021-08-24 11:28:01,563 85QuantileModel.py[line:348] ERROR pair spread not stationary
2021-08-24 11:28:01,596 85QuantileModel.py[line:348] ERROR pair spread not stationary
2021-08-24 11:28:01,632 85QuantileModel.py[line:348] ERROR pair spread not stationary
2021-08-24 11:28:01,669 85QuantileModel.py[line:348] ERROR pair spread not stationary
2021-08-24 11:28:01,707 85QuantileModel.py[line:343] INFO pass
2021-08-24 11:28:01,743 85QuantileModel.py[line:348] ERROR pair spread not stationary
2021-08-24 11:28:01,782 85QuantileModel.py[line:348] ERROR pair spread not stationary
2021-08-24 11:28:01,820 85QuantileModel.py[line:348] ERROR pair spread not stationary
2021-08-24 11:28:01,857 85QuantileModel.py[line:348] ERROR pair spread not stationary
2021-08-24 11:28:01,896 85QuantileModel.py[line:343] INFO pass
2021-08-24 11:28:01,934 85QuantileModel.py[line:348] ERROR pair spread not stationary
2021-08-24 11:28:01,972 85QuantileModel.py[line:348] ERROR pair spread not stationary
2021-08-24 11:28:02,011 85QuantileModel.py[line:348] ERROR pair spread not stationary
2021-08-24 11:28:02,050 85QuantileModel.py[line:348] ERROR pair spread not stationary
2021-08-24 11:28:02,089 85QuantileModel.py[line:348] ERROR pair spread not stationary
2021-08-24 11:28:02,126 85QuantileModel.py[line:343] INFO pass
2021-08-24 11:28:02,168 85QuantileModel.py[line:348] ERROR pair spread not stationary
2021-08-24 11:28:02,210 85QuantileModel.py[line:348] ERROR pair spread not stationary
2021-08-24 11:28:02,252 85QuantileModel.py[line:348] ERROR pair spread not stationary
2021-08-24 11:28:02,294 85QuantileModel.py[line:343] INFO pass
2021-08-24 11:28:02,336 85QuantileModel.py[line:348] ERROR pair spread not stationary
2021-08-24 11:28:02,379 85QuantileModel.py[line:348] ERROR pair spread not stationary
2021-08-24 11:28:02,421 85QuantileModel.py[line:343] INFO pass
2021-08-24 11:28:02,461 85QuantileModel.py[line:348] ERROR pair spread not stationary
2021-08-24 11:28:02,504 85QuantileModel.py[line:348] ERROR pair spread not stationary
2021-08-24 11:28:02,546 85QuantileModel.py[line:348] ERROR pair spread not stationary
2021-08-24 11:28:02,590 85QuantileModel.py[line:348] ERROR pair spread not stationary
2021-08-24 11:28:02,631 85QuantileModel.py[line:348] ERROR pair spread not stationary
2021-08-24 11:28:02,674 85QuantileModel.py[line:348] ERROR pair spread not stationary
2021-08-24 11:28:02,719 85QuantileModel.py[line:343] INFO pass
2021-08-24 11:28:02,762 85QuantileModel.py[line:348] ERROR pair spread not stationary
2021-08-24 11:28:02,806 85QuantileModel.py[line:348] ERROR pair spread not stationary
2021-08-24 11:28:02,849 85QuantileModel.py[line:348] ERROR pair spread not stationary
2021-08-24 11:28:02,892 85QuantileModel.py[line:348] ERROR pair spread not stationary
2021-08-24 11:28:02,937 85QuantileModel.py[line:348] ERROR pair spread not stationary
2021-08-24 11:28:02,979 85QuantileModel.py[line:348] ERROR pair spread not stationary
2021-08-24 11:28:03,023 85QuantileModel.py[line:348] ERROR pair spread not stationary
2021-08-24 11:28:03,068 85QuantileModel.py[line:348] ERROR pair spread not stationary
2021-08-24 11:28:03,113 85QuantileModel.py[line:348] ERROR pair spread not stationary
2021-08-24 11:28:03,158 85QuantileModel.py[line:343] INFO pass
2021-08-24 11:28:03,203 85QuantileModel.py[line:348] ERROR pair spread not stationary
2021-08-24 11:28:03,248 85QuantileModel.py[line:348] ERROR pair spread not stationary
2021-08-24 11:28:03,293 85QuantileModel.py[line:348] ERROR pair spread not stationary
2021-08-24 11:28:03,337 85QuantileModel.py[line:348] ERROR pair spread not stationary
2021-08-24 11:28:03,381 85QuantileModel.py[line:343] INFO pass
2021-08-24 11:28:03,426 85QuantileModel.py[line:343] INFO pass
2021-08-24 11:28:03,471 85QuantileModel.py[line:348] ERROR pair spread not stationary
2021-08-24 11:28:03,517 85QuantileModel.py[line:348] ERROR pair spread not stationary
2021-08-24 11:28:03,563 85QuantileModel.py[line:348] ERROR pair spread not stationary
2021-08-24 11:31:27,631 85QuantileModel.py[line:66] INFO StatsArbModel
2021-08-24 11:31:31,084 utils.py[line:157] INFO NumExpr defaulting to 8 threads.
2021-08-24 11:31:31,270 85QuantileModel.py[line:348] ERROR pair spread not stationary
2021-08-24 11:31:31,302 85QuantileModel.py[line:348] ERROR pair spread not stationary
2021-08-24 11:31:31,337 85QuantileModel.py[line:343] INFO pass
2021-08-24 11:31:31,372 85QuantileModel.py[line:348] ERROR pair spread not stationary
2021-08-24 11:31:31,402 85QuantileModel.py[line:348] ERROR pair spread not stationary
2021-08-24 11:31:31,432 85QuantileModel.py[line:348] ERROR pair spread not stationary
2021-08-24 11:31:31,467 85QuantileModel.py[line:348] ERROR pair spread not stationary
2021-08-24 11:31:31,502 85QuantileModel.py[line:348] ERROR pair spread not stationary
2021-08-24 11:31:31,539 85QuantileModel.py[line:348] ERROR pair spread not stationary
2021-08-24 11:31:31,574 85QuantileModel.py[line:348] ERROR pair spread not stationary
2021-08-24 11:31:31,609 85QuantileModel.py[line:348] ERROR pair spread not stationary
2021-08-24 11:31:31,645 85QuantileModel.py[line:343] INFO pass
2021-08-24 11:31:31,680 85QuantileModel.py[line:348] ERROR pair spread not stationary
2021-08-24 11:31:31,716 85QuantileModel.py[line:348] ERROR pair spread not stationary
2021-08-24 11:31:31,751 85QuantileModel.py[line:348] ERROR pair spread not stationary
2021-08-24 11:31:31,790 85QuantileModel.py[line:348] ERROR pair spread not stationary
2021-08-24 11:31:31,823 85QuantileModel.py[line:348] ERROR pair spread not stationary
2021-08-24 11:31:31,856 85QuantileModel.py[line:343] INFO pass
2021-08-24 11:31:31,893 85QuantileModel.py[line:343] INFO pass
2021-08-24 11:31:31,930 85QuantileModel.py[line:348] ERROR pair spread not stationary
2021-08-24 11:31:31,965 85QuantileModel.py[line:348] ERROR pair spread not stationary
2021-08-24 11:31:32,002 85QuantileModel.py[line:348] ERROR pair spread not stationary
2021-08-24 11:31:32,037 85QuantileModel.py[line:348] ERROR pair spread not stationary
2021-08-24 11:31:32,073 85QuantileModel.py[line:348] ERROR pair spread not stationary
2021-08-24 11:31:32,108 85QuantileModel.py[line:348] ERROR pair spread not stationary
2021-08-24 11:31:32,145 85QuantileModel.py[line:348] ERROR pair spread not stationary
2021-08-24 11:31:32,181 85QuantileModel.py[line:348] ERROR pair spread not stationary
2021-08-24 11:31:32,219 85QuantileModel.py[line:348] ERROR pair spread not stationary
2021-08-24 11:31:32,255 85QuantileModel.py[line:348] ERROR pair spread not stationary
2021-08-24 11:31:32,292 85QuantileModel.py[line:348] ERROR pair spread not stationary
2021-08-24 11:31:32,329 85QuantileModel.py[line:348] ERROR pair spread not stationary
2021-08-24 11:31:32,367 85QuantileModel.py[line:348] ERROR pair spread not stationary
2021-08-24 11:31:32,404 85QuantileModel.py[line:348] ERROR pair spread not stationary
2021-08-24 11:31:32,441 85QuantileModel.py[line:348] ERROR pair spread not stationary
2021-08-24 11:31:32,478 85QuantileModel.py[line:348] ERROR pair spread not stationary
2021-08-24 11:31:32,515 85QuantileModel.py[line:348] ERROR pair spread not stationary
2021-08-24 11:31:32,553 85QuantileModel.py[line:348] ERROR pair spread not stationary
2021-08-24 11:31:32,592 85QuantileModel.py[line:348] ERROR pair spread not stationary
2021-08-24 11:31:32,628 85QuantileModel.py[line:348] ERROR pair spread not stationary
2021-08-24 11:31:32,662 85QuantileModel.py[line:348] ERROR pair spread not stationary
2021-08-24 11:31:32,702 85QuantileModel.py[line:348] ERROR pair spread not stationary
2021-08-24 11:31:32,740 85QuantileModel.py[line:348] ERROR pair spread not stationary
2021-08-24 11:31:32,783 85QuantileModel.py[line:348] ERROR pair spread not stationary
2021-08-24 11:31:32,822 85QuantileModel.py[line:348] ERROR pair spread not stationary
2021-08-24 11:31:32,861 85QuantileModel.py[line:348] ERROR pair spread not stationary
2021-08-24 11:31:32,900 85QuantileModel.py[line:348] ERROR pair spread not stationary
2021-08-24 11:31:32,939 85QuantileModel.py[line:348] ERROR pair spread not stationary
2021-08-24 11:31:32,978 85QuantileModel.py[line:343] INFO pass
2021-08-24 11:31:33,018 85QuantileModel.py[line:348] ERROR pair spread not stationary
2021-08-24 11:31:33,057 85QuantileModel.py[line:348] ERROR pair spread not stationary
2021-08-24 11:31:33,097 85QuantileModel.py[line:348] ERROR pair spread not stationary
2021-08-24 11:31:33,136 85QuantileModel.py[line:348] ERROR pair spread not stationary
2021-08-24 11:31:33,174 85QuantileModel.py[line:348] ERROR pair spread not stationary
2021-08-24 11:31:33,213 85QuantileModel.py[line:348] ERROR pair spread not stationary
2021-08-24 11:31:33,252 85QuantileModel.py[line:348] ERROR pair spread not stationary
2021-08-24 11:31:33,285 85QuantileModel.py[line:348] ERROR pair spread not stationary
2021-08-24 11:31:33,322 85QuantileModel.py[line:348] ERROR pair spread not stationary
2021-08-24 11:31:33,359 85QuantileModel.py[line:348] ERROR pair spread not stationary
2021-08-24 11:31:33,396 85QuantileModel.py[line:343] INFO pass
2021-08-24 11:31:33,433 85QuantileModel.py[line:348] ERROR pair spread not stationary
2021-08-24 11:31:33,471 85QuantileModel.py[line:348] ERROR pair spread not stationary
2021-08-24 11:31:33,508 85QuantileModel.py[line:348] ERROR pair spread not stationary
2021-08-24 11:31:33,547 85QuantileModel.py[line:348] ERROR pair spread not stationary
2021-08-24 11:31:33,586 85QuantileModel.py[line:343] INFO pass
2021-08-24 11:31:33,625 85QuantileModel.py[line:348] ERROR pair spread not stationary
2021-08-24 11:31:33,663 85QuantileModel.py[line:348] ERROR pair spread not stationary
2021-08-24 11:31:33,703 85QuantileModel.py[line:348] ERROR pair spread not stationary
2021-08-24 11:31:33,741 85QuantileModel.py[line:348] ERROR pair spread not stationary
2021-08-24 11:31:33,780 85QuantileModel.py[line:348] ERROR pair spread not stationary
2021-08-24 11:31:33,816 85QuantileModel.py[line:343] INFO pass
2021-08-24 11:31:33,857 85QuantileModel.py[line:348] ERROR pair spread not stationary
2021-08-24 11:31:33,899 85QuantileModel.py[line:348] ERROR pair spread not stationary
2021-08-24 11:31:33,941 85QuantileModel.py[line:348] ERROR pair spread not stationary
2021-08-24 11:31:33,983 85QuantileModel.py[line:343] INFO pass
2021-08-24 11:31:34,026 85QuantileModel.py[line:348] ERROR pair spread not stationary
2021-08-24 11:31:34,069 85QuantileModel.py[line:348] ERROR pair spread not stationary
2021-08-24 11:31:34,112 85QuantileModel.py[line:343] INFO pass
2021-08-24 11:31:34,151 85QuantileModel.py[line:348] ERROR pair spread not stationary
2021-08-24 11:31:34,193 85QuantileModel.py[line:348] ERROR pair spread not stationary
2021-08-24 11:31:34,235 85QuantileModel.py[line:348] ERROR pair spread not stationary
2021-08-24 11:31:34,277 85QuantileModel.py[line:348] ERROR pair spread not stationary
2021-08-24 11:31:34,321 85QuantileModel.py[line:348] ERROR pair spread not stationary
2021-08-24 11:31:34,363 85QuantileModel.py[line:348] ERROR pair spread not stationary
2021-08-24 11:31:34,406 85QuantileModel.py[line:343] INFO pass
2021-08-24 11:31:34,450 85QuantileModel.py[line:348] ERROR pair spread not stationary
2021-08-24 11:31:34,493 85QuantileModel.py[line:348] ERROR pair spread not stationary
2021-08-24 11:31:34,537 85QuantileModel.py[line:348] ERROR pair spread not stationary
2021-08-24 11:31:34,580 85QuantileModel.py[line:348] ERROR pair spread not stationary
2021-08-24 11:31:34,623 85QuantileModel.py[line:348] ERROR pair spread not stationary
2021-08-24 11:31:34,668 85QuantileModel.py[line:348] ERROR pair spread not stationary
2021-08-24 11:31:34,712 85QuantileModel.py[line:348] ERROR pair spread not stationary
2021-08-24 11:31:34,757 85QuantileModel.py[line:348] ERROR pair spread not stationary
2021-08-24 11:31:34,802 85QuantileModel.py[line:348] ERROR pair spread not stationary
2021-08-24 11:31:34,846 85QuantileModel.py[line:343] INFO pass
2021-08-24 11:31:34,891 85QuantileModel.py[line:348] ERROR pair spread not stationary
2021-08-24 11:31:34,935 85QuantileModel.py[line:348] ERROR pair spread not stationary
2021-08-24 11:31:34,980 85QuantileModel.py[line:348] ERROR pair spread not stationary
2021-08-24 11:31:35,023 85QuantileModel.py[line:348] ERROR pair spread not stationary
2021-08-24 11:31:35,068 85QuantileModel.py[line:343] INFO pass
2021-08-24 11:31:35,114 85QuantileModel.py[line:343] INFO pass
2021-08-24 11:31:35,159 85QuantileModel.py[line:348] ERROR pair spread not stationary
2021-08-24 11:31:35,205 85QuantileModel.py[line:348] ERROR pair spread not stationary
2021-08-24 11:31:35,251 85QuantileModel.py[line:348] ERROR pair spread not stationary
2021-08-24 11:34:45,376 85QuantileModel.py[line:66] INFO StatsArbModel
2021-08-24 11:34:49,865 utils.py[line:157] INFO NumExpr defaulting to 8 threads.
2021-08-24 11:34:50,047 85QuantileModel.py[line:348] ERROR pair spread not stationary
2021-08-24 11:34:50,078 85QuantileModel.py[line:348] ERROR pair spread not stationary
2021-08-24 11:34:50,113 85QuantileModel.py[line:343] INFO pass
2021-08-24 11:34:50,148 85QuantileModel.py[line:348] ERROR pair spread not stationary
2021-08-24 11:34:50,178 85QuantileModel.py[line:348] ERROR pair spread not stationary
2021-08-24 11:34:50,210 85QuantileModel.py[line:348] ERROR pair spread not stationary
2021-08-24 11:34:50,245 85QuantileModel.py[line:348] ERROR pair spread not stationary
2021-08-24 11:34:50,281 85QuantileModel.py[line:348] ERROR pair spread not stationary
2021-08-24 11:34:50,317 85QuantileModel.py[line:348] ERROR pair spread not stationary
2021-08-24 11:34:50,352 85QuantileModel.py[line:348] ERROR pair spread not stationary
2021-08-24 11:34:50,387 85QuantileModel.py[line:348] ERROR pair spread not stationary
2021-08-24 11:34:50,422 85QuantileModel.py[line:343] INFO pass
2021-08-24 11:34:50,465 85QuantileModel.py[line:348] ERROR pair spread not stationary
2021-08-24 11:34:50,499 85QuantileModel.py[line:348] ERROR pair spread not stationary
2021-08-24 11:34:50,535 85QuantileModel.py[line:348] ERROR pair spread not stationary
2021-08-24 11:34:50,570 85QuantileModel.py[line:348] ERROR pair spread not stationary
2021-08-24 11:34:50,605 85QuantileModel.py[line:348] ERROR pair spread not stationary
2021-08-24 11:34:50,637 85QuantileModel.py[line:343] INFO pass
2021-08-24 11:34:50,673 85QuantileModel.py[line:343] INFO pass
2021-08-24 11:34:50,709 85QuantileModel.py[line:348] ERROR pair spread not stationary
2021-08-24 11:34:50,745 85QuantileModel.py[line:348] ERROR pair spread not stationary
2021-08-24 11:34:50,780 85QuantileModel.py[line:348] ERROR pair spread not stationary
2021-08-24 11:34:50,815 85QuantileModel.py[line:348] ERROR pair spread not stationary
2021-08-24 11:34:50,850 85QuantileModel.py[line:348] ERROR pair spread not stationary
2021-08-24 11:34:50,885 85QuantileModel.py[line:348] ERROR pair spread not stationary
2021-08-24 11:34:50,921 85QuantileModel.py[line:348] ERROR pair spread not stationary
2021-08-24 11:34:50,959 85QuantileModel.py[line:348] ERROR pair spread not stationary
2021-08-24 11:34:50,997 85QuantileModel.py[line:348] ERROR pair spread not stationary
2021-08-24 11:34:51,033 85QuantileModel.py[line:348] ERROR pair spread not stationary
2021-08-24 11:34:51,070 85QuantileModel.py[line:348] ERROR pair spread not stationary
2021-08-24 11:34:51,107 85QuantileModel.py[line:348] ERROR pair spread not stationary
2021-08-24 11:34:51,144 85QuantileModel.py[line:348] ERROR pair spread not stationary
2021-08-24 11:34:51,181 85QuantileModel.py[line:348] ERROR pair spread not stationary
2021-08-24 11:34:51,218 85QuantileModel.py[line:348] ERROR pair spread not stationary
2021-08-24 11:34:51,255 85QuantileModel.py[line:348] ERROR pair spread not stationary
2021-08-24 11:34:51,292 85QuantileModel.py[line:348] ERROR pair spread not stationary
2021-08-24 11:34:51,329 85QuantileModel.py[line:348] ERROR pair spread not stationary
2021-08-24 11:34:51,368 85QuantileModel.py[line:348] ERROR pair spread not stationary
2021-08-24 11:34:51,404 85QuantileModel.py[line:348] ERROR pair spread not stationary
2021-08-24 11:34:51,438 85QuantileModel.py[line:348] ERROR pair spread not stationary
2021-08-24 11:34:51,477 85QuantileModel.py[line:348] ERROR pair spread not stationary
2021-08-24 11:34:51,516 85QuantileModel.py[line:348] ERROR pair spread not stationary
2021-08-24 11:34:51,555 85QuantileModel.py[line:348] ERROR pair spread not stationary
2021-08-24 11:34:51,594 85QuantileModel.py[line:348] ERROR pair spread not stationary
2021-08-24 11:34:51,633 85QuantileModel.py[line:348] ERROR pair spread not stationary
2021-08-24 11:34:51,673 85QuantileModel.py[line:348] ERROR pair spread not stationary
2021-08-24 11:34:51,712 85QuantileModel.py[line:348] ERROR pair spread not stationary
2021-08-24 11:34:51,752 85QuantileModel.py[line:343] INFO pass
2021-08-24 11:34:51,791 85QuantileModel.py[line:348] ERROR pair spread not stationary
2021-08-24 11:34:51,831 85QuantileModel.py[line:348] ERROR pair spread not stationary
2021-08-24 11:34:51,871 85QuantileModel.py[line:348] ERROR pair spread not stationary
2021-08-24 11:34:51,910 85QuantileModel.py[line:348] ERROR pair spread not stationary
2021-08-24 11:34:51,948 85QuantileModel.py[line:348] ERROR pair spread not stationary
2021-08-24 11:34:51,987 85QuantileModel.py[line:348] ERROR pair spread not stationary
2021-08-24 11:34:52,026 85QuantileModel.py[line:348] ERROR pair spread not stationary
2021-08-24 11:34:52,055 85QuantileModel.py[line:348] ERROR pair spread not stationary
2021-08-24 11:34:52,087 85QuantileModel.py[line:348] ERROR pair spread not stationary
2021-08-24 11:34:52,118 85QuantileModel.py[line:348] ERROR pair spread not stationary
2021-08-24 11:34:52,165 85QuantileModel.py[line:343] INFO pass
2021-08-24 11:34:52,201 85QuantileModel.py[line:348] ERROR pair spread not stationary
2021-08-24 11:34:52,232 85QuantileModel.py[line:348] ERROR pair spread not stationary
2021-08-24 11:34:52,279 85QuantileModel.py[line:348] ERROR pair spread not stationary
2021-08-24 11:34:52,310 85QuantileModel.py[line:348] ERROR pair spread not stationary
2021-08-24 11:34:52,342 85QuantileModel.py[line:343] INFO pass
2021-08-24 11:34:52,388 85QuantileModel.py[line:348] ERROR pair spread not stationary
2021-08-24 11:34:52,420 85QuantileModel.py[line:348] ERROR pair spread not stationary
2021-08-24 11:34:52,467 85QuantileModel.py[line:348] ERROR pair spread not stationary
2021-08-24 11:34:52,498 85QuantileModel.py[line:348] ERROR pair spread not stationary
2021-08-24 11:34:52,545 85QuantileModel.py[line:348] ERROR pair spread not stationary
2021-08-24 11:34:52,576 85QuantileModel.py[line:343] INFO pass
2021-08-24 11:34:52,623 85QuantileModel.py[line:348] ERROR pair spread not stationary
2021-08-24 11:34:52,654 85QuantileModel.py[line:348] ERROR pair spread not stationary
2021-08-24 11:34:52,701 85QuantileModel.py[line:348] ERROR pair spread not stationary
2021-08-24 11:34:52,748 85QuantileModel.py[line:343] INFO pass
2021-08-24 11:34:52,779 85QuantileModel.py[line:348] ERROR pair spread not stationary
2021-08-24 11:34:52,826 85QuantileModel.py[line:348] ERROR pair spread not stationary
2021-08-24 11:34:52,873 85QuantileModel.py[line:343] INFO pass
2021-08-24 11:34:52,904 85QuantileModel.py[line:348] ERROR pair spread not stationary
2021-08-24 11:34:52,951 85QuantileModel.py[line:348] ERROR pair spread not stationary
2021-08-24 11:34:52,998 85QuantileModel.py[line:348] ERROR pair spread not stationary
2021-08-24 11:34:53,029 85QuantileModel.py[line:348] ERROR pair spread not stationary
2021-08-24 11:34:53,076 85QuantileModel.py[line:348] ERROR pair spread not stationary
2021-08-24 11:34:53,115 85QuantileModel.py[line:348] ERROR pair spread not stationary
2021-08-24 11:34:53,162 85QuantileModel.py[line:343] INFO pass
2021-08-24 11:34:53,209 85QuantileModel.py[line:348] ERROR pair spread not stationary
2021-08-24 11:34:53,255 85QuantileModel.py[line:348] ERROR pair spread not stationary
2021-08-24 11:34:53,303 85QuantileModel.py[line:348] ERROR pair spread not stationary
2021-08-24 11:34:53,346 85QuantileModel.py[line:348] ERROR pair spread not stationary
2021-08-24 11:34:53,378 85QuantileModel.py[line:348] ERROR pair spread not stationary
2021-08-24 11:34:53,425 85QuantileModel.py[line:348] ERROR pair spread not stationary
2021-08-24 11:34:53,471 85QuantileModel.py[line:348] ERROR pair spread not stationary
2021-08-24 11:34:53,518 85QuantileModel.py[line:348] ERROR pair spread not stationary
2021-08-24 11:34:53,555 85QuantileModel.py[line:348] ERROR pair spread not stationary
2021-08-24 11:34:53,601 85QuantileModel.py[line:343] INFO pass
2021-08-24 11:34:53,648 85QuantileModel.py[line:348] ERROR pair spread not stationary
2021-08-24 11:34:53,695 85QuantileModel.py[line:348] ERROR pair spread not stationary
2021-08-24 11:34:53,742 85QuantileModel.py[line:348] ERROR pair spread not stationary
2021-08-24 11:34:53,789 85QuantileModel.py[line:348] ERROR pair spread not stationary
2021-08-24 11:34:53,820 85QuantileModel.py[line:343] INFO pass
2021-08-24 11:34:53,867 85QuantileModel.py[line:343] INFO pass
2021-08-24 11:34:53,914 85QuantileModel.py[line:348] ERROR pair spread not stationary
2021-08-24 11:34:53,961 85QuantileModel.py[line:348] ERROR pair spread not stationary
2021-08-24 11:34:54,008 85QuantileModel.py[line:348] ERROR pair spread not stationary
2021-08-24 11:36:23,948 85QuantileModel.py[line:66] INFO StatsArbModel
2021-08-24 11:36:34,340 utils.py[line:157] INFO NumExpr defaulting to 8 threads.
2021-08-24 11:36:34,527 85QuantileModel.py[line:348] ERROR pair spread not stationary
2021-08-24 11:36:34,561 85QuantileModel.py[line:348] ERROR pair spread not stationary
2021-08-24 11:36:34,597 85QuantileModel.py[line:343] INFO pass
2021-08-24 11:36:34,633 85QuantileModel.py[line:348] ERROR pair spread not stationary
2021-08-24 11:36:34,665 85QuantileModel.py[line:348] ERROR pair spread not stationary
2021-08-24 11:36:34,696 85QuantileModel.py[line:348] ERROR pair spread not stationary
2021-08-24 11:36:34,733 85QuantileModel.py[line:348] ERROR pair spread not stationary
2021-08-24 11:36:34,770 85QuantileModel.py[line:348] ERROR pair spread not stationary
2021-08-24 11:36:34,806 85QuantileModel.py[line:348] ERROR pair spread not stationary
2021-08-24 11:36:34,842 85QuantileModel.py[line:348] ERROR pair spread not stationary
2021-08-24 11:36:34,880 85QuantileModel.py[line:348] ERROR pair spread not stationary
2021-08-24 11:36:34,916 85QuantileModel.py[line:343] INFO pass
2021-08-24 11:36:34,952 85QuantileModel.py[line:348] ERROR pair spread not stationary
2021-08-24 11:36:34,988 85QuantileModel.py[line:348] ERROR pair spread not stationary
2021-08-24 11:36:35,024 85QuantileModel.py[line:348] ERROR pair spread not stationary
2021-08-24 11:36:35,061 85QuantileModel.py[line:348] ERROR pair spread not stationary
2021-08-24 11:36:35,095 85QuantileModel.py[line:348] ERROR pair spread not stationary
2021-08-24 11:36:35,131 85QuantileModel.py[line:343] INFO pass
2021-08-24 11:36:35,168 85QuantileModel.py[line:343] INFO pass
2021-08-24 11:36:35,205 85QuantileModel.py[line:348] ERROR pair spread not stationary
2021-08-24 11:36:35,242 85QuantileModel.py[line:348] ERROR pair spread not stationary
2021-08-24 11:36:35,279 85QuantileModel.py[line:348] ERROR pair spread not stationary
2021-08-24 11:36:35,315 85QuantileModel.py[line:348] ERROR pair spread not stationary
2021-08-24 11:36:35,352 85QuantileModel.py[line:348] ERROR pair spread not stationary
2021-08-24 11:36:35,389 85QuantileModel.py[line:348] ERROR pair spread not stationary
2021-08-24 11:36:35,427 85QuantileModel.py[line:348] ERROR pair spread not stationary
2021-08-24 11:36:35,464 85QuantileModel.py[line:348] ERROR pair spread not stationary
2021-08-24 11:36:35,503 85QuantileModel.py[line:348] ERROR pair spread not stationary
2021-08-24 11:36:35,540 85QuantileModel.py[line:348] ERROR pair spread not stationary
2021-08-24 11:36:35,579 85QuantileModel.py[line:348] ERROR pair spread not stationary
2021-08-24 11:36:35,635 85QuantileModel.py[line:348] ERROR pair spread not stationary
2021-08-24 11:36:35,672 85QuantileModel.py[line:348] ERROR pair spread not stationary
2021-08-24 11:36:35,711 85QuantileModel.py[line:348] ERROR pair spread not stationary
2021-08-24 11:36:35,750 85QuantileModel.py[line:348] ERROR pair spread not stationary
2021-08-24 11:36:35,788 85QuantileModel.py[line:348] ERROR pair spread not stationary
2021-08-24 11:36:35,828 85QuantileModel.py[line:348] ERROR pair spread not stationary
2021-08-24 11:36:35,867 85QuantileModel.py[line:348] ERROR pair spread not stationary
2021-08-24 11:36:35,907 85QuantileModel.py[line:348] ERROR pair spread not stationary
2021-08-24 11:36:35,945 85QuantileModel.py[line:348] ERROR pair spread not stationary
2021-08-24 11:36:35,980 85QuantileModel.py[line:348] ERROR pair spread not stationary
2021-08-24 11:36:36,021 85QuantileModel.py[line:348] ERROR pair spread not stationary
2021-08-24 11:36:36,061 85QuantileModel.py[line:348] ERROR pair spread not stationary
2021-08-24 11:36:36,101 85QuantileModel.py[line:348] ERROR pair spread not stationary
2021-08-24 11:36:36,141 85QuantileModel.py[line:348] ERROR pair spread not stationary
2021-08-24 11:36:36,182 85QuantileModel.py[line:348] ERROR pair spread not stationary
2021-08-24 11:36:36,223 85QuantileModel.py[line:348] ERROR pair spread not stationary
2021-08-24 11:36:36,264 85QuantileModel.py[line:348] ERROR pair spread not stationary
2021-08-24 11:36:36,305 85QuantileModel.py[line:343] INFO pass
2021-08-24 11:36:36,346 85QuantileModel.py[line:348] ERROR pair spread not stationary
2021-08-24 11:36:36,387 85QuantileModel.py[line:348] ERROR pair spread not stationary
2021-08-24 11:36:36,427 85QuantileModel.py[line:348] ERROR pair spread not stationary
2021-08-24 11:36:36,468 85QuantileModel.py[line:348] ERROR pair spread not stationary
2021-08-24 11:36:36,508 85QuantileModel.py[line:348] ERROR pair spread not stationary
2021-08-24 11:36:36,549 85QuantileModel.py[line:348] ERROR pair spread not stationary
2021-08-24 11:36:36,589 85QuantileModel.py[line:348] ERROR pair spread not stationary
2021-08-24 11:36:36,623 85QuantileModel.py[line:348] ERROR pair spread not stationary
2021-08-24 11:36:36,661 85QuantileModel.py[line:348] ERROR pair spread not stationary
2021-08-24 11:36:36,699 85QuantileModel.py[line:348] ERROR pair spread not stationary
2021-08-24 11:36:36,738 85QuantileModel.py[line:343] INFO pass
2021-08-24 11:36:36,776 85QuantileModel.py[line:348] ERROR pair spread not stationary
2021-08-24 11:36:36,813 85QuantileModel.py[line:348] ERROR pair spread not stationary
2021-08-24 11:36:36,851 85QuantileModel.py[line:348] ERROR pair spread not stationary
2021-08-24 11:36:36,891 85QuantileModel.py[line:348] ERROR pair spread not stationary
2021-08-24 11:36:36,931 85QuantileModel.py[line:343] INFO pass
2021-08-24 11:36:36,970 85QuantileModel.py[line:348] ERROR pair spread not stationary
2021-08-24 11:36:37,009 85QuantileModel.py[line:348] ERROR pair spread not stationary
2021-08-24 11:36:37,048 85QuantileModel.py[line:348] ERROR pair spread not stationary
2021-08-24 11:36:37,093 85QuantileModel.py[line:348] ERROR pair spread not stationary
2021-08-24 11:36:37,143 85QuantileModel.py[line:348] ERROR pair spread not stationary
2021-08-24 11:36:37,189 85QuantileModel.py[line:343] INFO pass
2021-08-24 11:36:37,241 85QuantileModel.py[line:348] ERROR pair spread not stationary
2021-08-24 11:36:37,287 85QuantileModel.py[line:348] ERROR pair spread not stationary
2021-08-24 11:36:37,329 85QuantileModel.py[line:348] ERROR pair spread not stationary
2021-08-24 11:36:37,371 85QuantileModel.py[line:343] INFO pass
2021-08-24 11:36:37,414 85QuantileModel.py[line:348] ERROR pair spread not stationary
2021-08-24 11:36:37,458 85QuantileModel.py[line:348] ERROR pair spread not stationary
2021-08-24 11:36:37,502 85QuantileModel.py[line:343] INFO pass
2021-08-24 11:36:37,542 85QuantileModel.py[line:348] ERROR pair spread not stationary
2021-08-24 11:36:37,586 85QuantileModel.py[line:348] ERROR pair spread not stationary
2021-08-24 11:36:37,629 85QuantileModel.py[line:348] ERROR pair spread not stationary
2021-08-24 11:36:37,673 85QuantileModel.py[line:348] ERROR pair spread not stationary
2021-08-24 11:36:37,717 85QuantileModel.py[line:348] ERROR pair spread not stationary
2021-08-24 11:36:37,761 85QuantileModel.py[line:348] ERROR pair spread not stationary
2021-08-24 11:36:37,805 85QuantileModel.py[line:343] INFO pass
2021-08-24 11:36:37,850 85QuantileModel.py[line:348] ERROR pair spread not stationary
2021-08-24 11:36:37,894 85QuantileModel.py[line:348] ERROR pair spread not stationary
2021-08-24 11:36:37,938 85QuantileModel.py[line:348] ERROR pair spread not stationary
2021-08-24 11:36:37,983 85QuantileModel.py[line:348] ERROR pair spread not stationary
2021-08-24 11:36:38,027 85QuantileModel.py[line:348] ERROR pair spread not stationary
2021-08-24 11:36:38,071 85QuantileModel.py[line:348] ERROR pair spread not stationary
2021-08-24 11:36:38,117 85QuantileModel.py[line:348] ERROR pair spread not stationary
2021-08-24 11:36:38,162 85QuantileModel.py[line:348] ERROR pair spread not stationary
2021-08-24 11:36:38,208 85QuantileModel.py[line:348] ERROR pair spread not stationary
2021-08-24 11:36:38,254 85QuantileModel.py[line:343] INFO pass
2021-08-24 11:36:38,317 85QuantileModel.py[line:348] ERROR pair spread not stationary
2021-08-24 11:36:38,370 85QuantileModel.py[line:348] ERROR pair spread not stationary
2021-08-24 11:36:38,422 85QuantileModel.py[line:348] ERROR pair spread not stationary
2021-08-24 11:36:38,468 85QuantileModel.py[line:348] ERROR pair spread not stationary
2021-08-24 11:36:38,514 85QuantileModel.py[line:343] INFO pass
2021-08-24 11:36:38,561 85QuantileModel.py[line:343] INFO pass
2021-08-24 11:36:38,608 85QuantileModel.py[line:348] ERROR pair spread not stationary
2021-08-24 11:36:38,654 85QuantileModel.py[line:348] ERROR pair spread not stationary
2021-08-24 11:36:38,699 85QuantileModel.py[line:348] ERROR pair spread not stationary
2021-08-24 11:41:05,627 85QuantileModel.py[line:66] INFO StatsArbModel
2021-08-24 11:41:40,444 utils.py[line:157] INFO NumExpr defaulting to 8 threads.
2021-08-24 11:41:40,625 85QuantileModel.py[line:348] ERROR pair spread not stationary
2021-08-24 11:41:40,657 85QuantileModel.py[line:348] ERROR pair spread not stationary
2021-08-24 11:41:40,692 85QuantileModel.py[line:343] INFO pass
2021-08-24 11:41:40,726 85QuantileModel.py[line:348] ERROR pair spread not stationary
2021-08-24 11:41:40,756 85QuantileModel.py[line:348] ERROR pair spread not stationary
2021-08-24 11:41:40,788 85QuantileModel.py[line:348] ERROR pair spread not stationary
2021-08-24 11:41:40,822 85QuantileModel.py[line:348] ERROR pair spread not stationary
2021-08-24 11:41:40,858 85QuantileModel.py[line:348] ERROR pair spread not stationary
2021-08-24 11:41:40,891 85QuantileModel.py[line:348] ERROR pair spread not stationary
2021-08-24 11:41:40,926 85QuantileModel.py[line:348] ERROR pair spread not stationary
2021-08-24 11:41:40,961 85QuantileModel.py[line:348] ERROR pair spread not stationary
2021-08-24 11:41:40,996 85QuantileModel.py[line:343] INFO pass
2021-08-24 11:41:41,031 85QuantileModel.py[line:348] ERROR pair spread not stationary
2021-08-24 11:41:41,065 85QuantileModel.py[line:348] ERROR pair spread not stationary
2021-08-24 11:41:41,099 85QuantileModel.py[line:348] ERROR pair spread not stationary
2021-08-24 11:41:41,134 85QuantileModel.py[line:348] ERROR pair spread not stationary
2021-08-24 11:41:41,169 85QuantileModel.py[line:348] ERROR pair spread not stationary
2021-08-24 11:41:41,201 85QuantileModel.py[line:343] INFO pass
2021-08-24 11:41:41,237 85QuantileModel.py[line:343] INFO pass
2021-08-24 11:41:41,273 85QuantileModel.py[line:348] ERROR pair spread not stationary
2021-08-24 11:41:41,309 85QuantileModel.py[line:348] ERROR pair spread not stationary
2021-08-24 11:41:41,345 85QuantileModel.py[line:348] ERROR pair spread not stationary
2021-08-24 11:41:41,379 85QuantileModel.py[line:348] ERROR pair spread not stationary
2021-08-24 11:41:41,415 85QuantileModel.py[line:348] ERROR pair spread not stationary
2021-08-24 11:41:41,449 85QuantileModel.py[line:348] ERROR pair spread not stationary
2021-08-24 11:41:41,485 85QuantileModel.py[line:348] ERROR pair spread not stationary
2021-08-24 11:41:41,522 85QuantileModel.py[line:348] ERROR pair spread not stationary
2021-08-24 11:41:41,559 85QuantileModel.py[line:348] ERROR pair spread not stationary
2021-08-24 11:41:41,596 85QuantileModel.py[line:348] ERROR pair spread not stationary
2021-08-24 11:41:41,633 85QuantileModel.py[line:348] ERROR pair spread not stationary
2021-08-24 11:41:41,670 85QuantileModel.py[line:348] ERROR pair spread not stationary
2021-08-24 11:41:41,707 85QuantileModel.py[line:348] ERROR pair spread not stationary
2021-08-24 11:41:41,744 85QuantileModel.py[line:348] ERROR pair spread not stationary
2021-08-24 11:41:41,782 85QuantileModel.py[line:348] ERROR pair spread not stationary
2021-08-24 11:41:41,818 85QuantileModel.py[line:348] ERROR pair spread not stationary
2021-08-24 11:41:41,854 85QuantileModel.py[line:348] ERROR pair spread not stationary
2021-08-24 11:41:41,891 85QuantileModel.py[line:348] ERROR pair spread not stationary
2021-08-24 11:41:41,930 85QuantileModel.py[line:348] ERROR pair spread not stationary
2021-08-24 11:41:41,966 85QuantileModel.py[line:348] ERROR pair spread not stationary
2021-08-24 11:41:41,999 85QuantileModel.py[line:348] ERROR pair spread not stationary
2021-08-24 11:41:42,038 85QuantileModel.py[line:348] ERROR pair spread not stationary
2021-08-24 11:41:42,076 85QuantileModel.py[line:348] ERROR pair spread not stationary
2021-08-24 11:41:42,115 85QuantileModel.py[line:348] ERROR pair spread not stationary
2021-08-24 11:41:42,155 85QuantileModel.py[line:348] ERROR pair spread not stationary
2021-08-24 11:41:42,194 85QuantileModel.py[line:348] ERROR pair spread not stationary
2021-08-24 11:41:42,233 85QuantileModel.py[line:348] ERROR pair spread not stationary
2021-08-24 11:41:42,273 85QuantileModel.py[line:348] ERROR pair spread not stationary
2021-08-24 11:41:42,312 85QuantileModel.py[line:343] INFO pass
2021-08-24 11:41:42,352 85QuantileModel.py[line:348] ERROR pair spread not stationary
2021-08-24 11:41:42,391 85QuantileModel.py[line:348] ERROR pair spread not stationary
2021-08-24 11:41:42,430 85QuantileModel.py[line:348] ERROR pair spread not stationary
2021-08-24 11:41:42,469 85QuantileModel.py[line:348] ERROR pair spread not stationary
2021-08-24 11:41:42,508 85QuantileModel.py[line:348] ERROR pair spread not stationary
2021-08-24 11:41:42,548 85QuantileModel.py[line:348] ERROR pair spread not stationary
2021-08-24 11:41:42,587 85QuantileModel.py[line:348] ERROR pair spread not stationary
2021-08-24 11:41:42,619 85QuantileModel.py[line:348] ERROR pair spread not stationary
2021-08-24 11:41:42,654 85QuantileModel.py[line:348] ERROR pair spread not stationary
2021-08-24 11:41:42,690 85QuantileModel.py[line:348] ERROR pair spread not stationary
2021-08-24 11:41:42,727 85QuantileModel.py[line:343] INFO pass
2021-08-24 11:41:42,764 85QuantileModel.py[line:348] ERROR pair spread not stationary
2021-08-24 11:41:42,802 85QuantileModel.py[line:348] ERROR pair spread not stationary
2021-08-24 11:41:42,840 85QuantileModel.py[line:348] ERROR pair spread not stationary
2021-08-24 11:41:42,878 85QuantileModel.py[line:348] ERROR pair spread not stationary
2021-08-24 11:41:42,917 85QuantileModel.py[line:343] INFO pass
2021-08-24 11:41:42,955 85QuantileModel.py[line:348] ERROR pair spread not stationary
2021-08-24 11:41:42,992 85QuantileModel.py[line:348] ERROR pair spread not stationary
2021-08-24 11:41:43,031 85QuantileModel.py[line:348] ERROR pair spread not stationary
2021-08-24 11:41:43,070 85QuantileModel.py[line:348] ERROR pair spread not stationary
2021-08-24 11:41:43,109 85QuantileModel.py[line:348] ERROR pair spread not stationary
2021-08-24 11:41:43,146 85QuantileModel.py[line:343] INFO pass
2021-08-24 11:41:43,187 85QuantileModel.py[line:348] ERROR pair spread not stationary
2021-08-24 11:41:43,229 85QuantileModel.py[line:348] ERROR pair spread not stationary
2021-08-24 11:41:43,272 85QuantileModel.py[line:348] ERROR pair spread not stationary
2021-08-24 11:41:43,315 85QuantileModel.py[line:343] INFO pass
2021-08-24 11:41:43,356 85QuantileModel.py[line:348] ERROR pair spread not stationary
2021-08-24 11:41:43,398 85QuantileModel.py[line:348] ERROR pair spread not stationary
2021-08-24 11:41:43,440 85QuantileModel.py[line:343] INFO pass
2021-08-24 11:41:43,479 85QuantileModel.py[line:348] ERROR pair spread not stationary
2021-08-24 11:41:43,521 85QuantileModel.py[line:348] ERROR pair spread not stationary
2021-08-24 11:41:43,564 85QuantileModel.py[line:348] ERROR pair spread not stationary
2021-08-24 11:41:43,607 85QuantileModel.py[line:348] ERROR pair spread not stationary
2021-08-24 11:41:43,650 85QuantileModel.py[line:348] ERROR pair spread not stationary
2021-08-24 11:41:43,693 85QuantileModel.py[line:348] ERROR pair spread not stationary
2021-08-24 11:41:43,735 85QuantileModel.py[line:343] INFO pass
2021-08-24 11:41:43,779 85QuantileModel.py[line:348] ERROR pair spread not stationary
2021-08-24 11:41:43,822 85QuantileModel.py[line:348] ERROR pair spread not stationary
2021-08-24 11:41:43,866 85QuantileModel.py[line:348] ERROR pair spread not stationary
2021-08-24 11:41:43,910 85QuantileModel.py[line:348] ERROR pair spread not stationary
2021-08-24 11:41:43,953 85QuantileModel.py[line:348] ERROR pair spread not stationary
2021-08-24 11:41:43,997 85QuantileModel.py[line:348] ERROR pair spread not stationary
2021-08-24 11:41:44,042 85QuantileModel.py[line:348] ERROR pair spread not stationary
2021-08-24 11:41:44,087 85QuantileModel.py[line:348] ERROR pair spread not stationary
2021-08-24 11:41:44,130 85QuantileModel.py[line:348] ERROR pair spread not stationary
2021-08-24 11:41:44,175 85QuantileModel.py[line:343] INFO pass
2021-08-24 11:41:44,219 85QuantileModel.py[line:348] ERROR pair spread not stationary
2021-08-24 11:41:44,263 85QuantileModel.py[line:348] ERROR pair spread not stationary
2021-08-24 11:41:44,308 85QuantileModel.py[line:348] ERROR pair spread not stationary
2021-08-24 11:41:44,353 85QuantileModel.py[line:348] ERROR pair spread not stationary
2021-08-24 11:41:44,398 85QuantileModel.py[line:343] INFO pass
2021-08-24 11:41:44,443 85QuantileModel.py[line:343] INFO pass
2021-08-24 11:41:44,488 85QuantileModel.py[line:348] ERROR pair spread not stationary
2021-08-24 11:41:44,532 85QuantileModel.py[line:348] ERROR pair spread not stationary
2021-08-24 11:41:44,578 85QuantileModel.py[line:348] ERROR pair spread not stationary
2021-08-24 11:42:57,364 85QuantileModel.py[line:66] INFO StatsArbModel
2021-08-24 11:43:07,017 utils.py[line:157] INFO NumExpr defaulting to 8 threads.
2021-08-24 11:43:07,199 85QuantileModel.py[line:348] ERROR pair spread not stationary
2021-08-24 11:43:07,232 85QuantileModel.py[line:348] ERROR pair spread not stationary
2021-08-24 11:43:07,267 85QuantileModel.py[line:343] INFO pass
2021-08-24 11:43:07,302 85QuantileModel.py[line:348] ERROR pair spread not stationary
2021-08-24 11:43:07,332 85QuantileModel.py[line:348] ERROR pair spread not stationary
2021-08-24 11:43:07,364 85QuantileModel.py[line:348] ERROR pair spread not stationary
2021-08-24 11:43:07,398 85QuantileModel.py[line:348] ERROR pair spread not stationary
2021-08-24 11:43:07,433 85QuantileModel.py[line:348] ERROR pair spread not stationary
2021-08-24 11:43:07,468 85QuantileModel.py[line:348] ERROR pair spread not stationary
2021-08-24 11:43:07,503 85QuantileModel.py[line:348] ERROR pair spread not stationary
2021-08-24 11:43:07,537 85QuantileModel.py[line:348] ERROR pair spread not stationary
2021-08-24 11:43:07,572 85QuantileModel.py[line:343] INFO pass
2021-08-24 11:43:07,608 85QuantileModel.py[line:348] ERROR pair spread not stationary
2021-08-24 11:43:07,642 85QuantileModel.py[line:348] ERROR pair spread not stationary
2021-08-24 11:43:07,677 85QuantileModel.py[line:348] ERROR pair spread not stationary
2021-08-24 11:43:07,713 85QuantileModel.py[line:348] ERROR pair spread not stationary
2021-08-24 11:43:07,747 85QuantileModel.py[line:348] ERROR pair spread not stationary
2021-08-24 11:43:07,778 85QuantileModel.py[line:343] INFO pass
2021-08-24 11:43:07,813 85QuantileModel.py[line:343] INFO pass
2021-08-24 11:43:07,850 85QuantileModel.py[line:348] ERROR pair spread not stationary
2021-08-24 11:43:07,885 85QuantileModel.py[line:348] ERROR pair spread not stationary
2021-08-24 11:43:07,921 85QuantileModel.py[line:348] ERROR pair spread not stationary
2021-08-24 11:43:07,954 85QuantileModel.py[line:348] ERROR pair spread not stationary
2021-08-24 11:43:07,992 85QuantileModel.py[line:348] ERROR pair spread not stationary
2021-08-24 11:43:08,027 85QuantileModel.py[line:348] ERROR pair spread not stationary
2021-08-24 11:43:08,064 85QuantileModel.py[line:348] ERROR pair spread not stationary
2021-08-24 11:43:08,100 85QuantileModel.py[line:348] ERROR pair spread not stationary
2021-08-24 11:43:08,138 85QuantileModel.py[line:348] ERROR pair spread not stationary
2021-08-24 11:43:08,176 85QuantileModel.py[line:348] ERROR pair spread not stationary
2021-08-24 11:43:08,213 85QuantileModel.py[line:348] ERROR pair spread not stationary
2021-08-24 11:43:08,251 85QuantileModel.py[line:348] ERROR pair spread not stationary
2021-08-24 11:43:08,289 85QuantileModel.py[line:348] ERROR pair spread not stationary
2021-08-24 11:43:08,325 85QuantileModel.py[line:348] ERROR pair spread not stationary
2021-08-24 11:43:08,363 85QuantileModel.py[line:348] ERROR pair spread not stationary
2021-08-24 11:43:08,400 85QuantileModel.py[line:348] ERROR pair spread not stationary
2021-08-24 11:43:08,438 85QuantileModel.py[line:348] ERROR pair spread not stationary
2021-08-24 11:43:08,475 85QuantileModel.py[line:348] ERROR pair spread not stationary
2021-08-24 11:43:08,514 85QuantileModel.py[line:348] ERROR pair spread not stationary
2021-08-24 11:43:08,550 85QuantileModel.py[line:348] ERROR pair spread not stationary
2021-08-24 11:43:08,583 85QuantileModel.py[line:348] ERROR pair spread not stationary
2021-08-24 11:43:08,622 85QuantileModel.py[line:348] ERROR pair spread not stationary
2021-08-24 11:43:08,661 85QuantileModel.py[line:348] ERROR pair spread not stationary
2021-08-24 11:43:08,700 85QuantileModel.py[line:348] ERROR pair spread not stationary
2021-08-24 11:43:08,739 85QuantileModel.py[line:348] ERROR pair spread not stationary
2021-08-24 11:43:08,777 85QuantileModel.py[line:348] ERROR pair spread not stationary
2021-08-24 11:43:08,817 85QuantileModel.py[line:348] ERROR pair spread not stationary
2021-08-24 11:43:08,856 85QuantileModel.py[line:348] ERROR pair spread not stationary
2021-08-24 11:43:08,896 85QuantileModel.py[line:343] INFO pass
2021-08-24 11:43:08,935 85QuantileModel.py[line:348] ERROR pair spread not stationary
2021-08-24 11:43:08,975 85QuantileModel.py[line:348] ERROR pair spread not stationary
2021-08-24 11:43:09,015 85QuantileModel.py[line:348] ERROR pair spread not stationary
2021-08-24 11:43:09,054 85QuantileModel.py[line:348] ERROR pair spread not stationary
2021-08-24 11:43:09,091 85QuantileModel.py[line:348] ERROR pair spread not stationary
2021-08-24 11:43:09,131 85QuantileModel.py[line:348] ERROR pair spread not stationary
2021-08-24 11:43:09,171 85QuantileModel.py[line:348] ERROR pair spread not stationary
2021-08-24 11:43:09,206 85QuantileModel.py[line:348] ERROR pair spread not stationary
2021-08-24 11:43:09,242 85QuantileModel.py[line:348] ERROR pair spread not stationary
2021-08-24 11:43:09,279 85QuantileModel.py[line:348] ERROR pair spread not stationary
2021-08-24 11:43:09,317 85QuantileModel.py[line:343] INFO pass
2021-08-24 11:43:09,355 85QuantileModel.py[line:348] ERROR pair spread not stationary
2021-08-24 11:43:09,394 85QuantileModel.py[line:348] ERROR pair spread not stationary
2021-08-24 11:43:09,432 85QuantileModel.py[line:348] ERROR pair spread not stationary
2021-08-24 11:43:09,470 85QuantileModel.py[line:348] ERROR pair spread not stationary
2021-08-24 11:43:09,509 85QuantileModel.py[line:343] INFO pass
2021-08-24 11:43:09,548 85QuantileModel.py[line:348] ERROR pair spread not stationary
2021-08-24 11:43:09,586 85QuantileModel.py[line:348] ERROR pair spread not stationary
2021-08-24 11:43:09,625 85QuantileModel.py[line:348] ERROR pair spread not stationary
2021-08-24 11:43:09,664 85QuantileModel.py[line:348] ERROR pair spread not stationary
2021-08-24 11:43:09,704 85QuantileModel.py[line:348] ERROR pair spread not stationary
2021-08-24 11:43:09,740 85QuantileModel.py[line:343] INFO pass
2021-08-24 11:43:09,782 85QuantileModel.py[line:348] ERROR pair spread not stationary
2021-08-24 11:43:09,822 85QuantileModel.py[line:348] ERROR pair spread not stationary
2021-08-24 11:43:09,864 85QuantileModel.py[line:348] ERROR pair spread not stationary
2021-08-24 11:43:09,906 85QuantileModel.py[line:343] INFO pass
2021-08-24 11:43:09,949 85QuantileModel.py[line:348] ERROR pair spread not stationary
2021-08-24 11:43:09,991 85QuantileModel.py[line:348] ERROR pair spread not stationary
2021-08-24 11:43:10,034 85QuantileModel.py[line:343] INFO pass
2021-08-24 11:43:10,074 85QuantileModel.py[line:348] ERROR pair spread not stationary
2021-08-24 11:43:10,117 85QuantileModel.py[line:348] ERROR pair spread not stationary
2021-08-24 11:43:10,160 85QuantileModel.py[line:348] ERROR pair spread not stationary
2021-08-24 11:43:10,202 85QuantileModel.py[line:348] ERROR pair spread not stationary
2021-08-24 11:43:10,245 85QuantileModel.py[line:348] ERROR pair spread not stationary
2021-08-24 11:43:10,289 85QuantileModel.py[line:348] ERROR pair spread not stationary
2021-08-24 11:43:10,333 85QuantileModel.py[line:343] INFO pass
2021-08-24 11:43:10,376 85QuantileModel.py[line:348] ERROR pair spread not stationary
2021-08-24 11:43:10,419 85QuantileModel.py[line:348] ERROR pair spread not stationary
2021-08-24 11:43:10,463 85QuantileModel.py[line:348] ERROR pair spread not stationary
2021-08-24 11:43:10,506 85QuantileModel.py[line:348] ERROR pair spread not stationary
2021-08-24 11:43:10,549 85QuantileModel.py[line:348] ERROR pair spread not stationary
2021-08-24 11:43:10,593 85QuantileModel.py[line:348] ERROR pair spread not stationary
2021-08-24 11:43:10,637 85QuantileModel.py[line:348] ERROR pair spread not stationary
2021-08-24 11:43:10,682 85QuantileModel.py[line:348] ERROR pair spread not stationary
2021-08-24 11:43:10,726 85QuantileModel.py[line:348] ERROR pair spread not stationary
2021-08-24 11:43:10,770 85QuantileModel.py[line:343] INFO pass
2021-08-24 11:43:10,815 85QuantileModel.py[line:348] ERROR pair spread not stationary
2021-08-24 11:43:10,859 85QuantileModel.py[line:348] ERROR pair spread not stationary
2021-08-24 11:43:10,903 85QuantileModel.py[line:348] ERROR pair spread not stationary
2021-08-24 11:43:10,948 85QuantileModel.py[line:348] ERROR pair spread not stationary
2021-08-24 11:43:10,993 85QuantileModel.py[line:343] INFO pass
2021-08-24 11:43:11,038 85QuantileModel.py[line:343] INFO pass
2021-08-24 11:43:11,082 85QuantileModel.py[line:348] ERROR pair spread not stationary
2021-08-24 11:43:11,128 85QuantileModel.py[line:348] ERROR pair spread not stationary
2021-08-24 11:43:11,173 85QuantileModel.py[line:348] ERROR pair spread not stationary
2021-08-24 11:50:40,534 85QuantileModel.py[line:66] INFO StatsArbModel
2021-08-24 11:50:50,368 utils.py[line:157] INFO NumExpr defaulting to 8 threads.
2021-08-24 11:50:50,540 85QuantileModel.py[line:343] INFO pass
2021-08-24 11:50:50,571 85QuantileModel.py[line:348] ERROR pair spread not stationary
2021-08-24 11:50:50,620 85QuantileModel.py[line:348] ERROR pair spread not stationary
2021-08-24 11:50:50,651 85QuantileModel.py[line:343] INFO pass
2021-08-24 11:50:50,683 85QuantileModel.py[line:348] ERROR pair spread not stationary
2021-08-24 11:50:50,714 85QuantileModel.py[line:348] ERROR pair spread not stationary
2021-08-24 11:50:50,745 85QuantileModel.py[line:348] ERROR pair spread not stationary
2021-08-24 11:50:50,776 85QuantileModel.py[line:348] ERROR pair spread not stationary
2021-08-24 11:50:50,813 85QuantileModel.py[line:343] INFO pass
2021-08-24 11:50:50,844 85QuantileModel.py[line:343] INFO pass
2021-08-24 11:50:50,891 85QuantileModel.py[line:348] ERROR pair spread not stationary
2021-08-24 11:50:50,922 85QuantileModel.py[line:348] ERROR pair spread not stationary
2021-08-24 11:50:50,962 85QuantileModel.py[line:348] ERROR pair spread not stationary
2021-08-24 11:50:50,993 85QuantileModel.py[line:348] ERROR pair spread not stationary
2021-08-24 11:50:51,024 85QuantileModel.py[line:343] INFO pass
2021-08-24 11:50:51,055 85QuantileModel.py[line:348] ERROR pair spread not stationary
2021-08-24 11:50:51,102 85QuantileModel.py[line:348] ERROR pair spread not stationary
2021-08-24 11:50:51,133 85QuantileModel.py[line:348] ERROR pair spread not stationary
2021-08-24 11:50:51,170 85QuantileModel.py[line:348] ERROR pair spread not stationary
2021-08-24 11:50:51,201 85QuantileModel.py[line:348] ERROR pair spread not stationary
2021-08-24 11:50:51,232 85QuantileModel.py[line:348] ERROR pair spread not stationary
2021-08-24 11:50:51,279 85QuantileModel.py[line:343] INFO pass
2021-08-24 11:50:51,310 85QuantileModel.py[line:348] ERROR pair spread not stationary
2021-08-24 11:50:51,342 85QuantileModel.py[line:348] ERROR pair spread not stationary
2021-08-24 11:50:51,373 85QuantileModel.py[line:348] ERROR pair spread not stationary
2021-08-24 11:50:51,420 85QuantileModel.py[line:348] ERROR pair spread not stationary
2021-08-24 11:50:51,451 85QuantileModel.py[line:348] ERROR pair spread not stationary
2021-08-24 11:50:51,498 85QuantileModel.py[line:348] ERROR pair spread not stationary
2021-08-24 11:50:51,529 85QuantileModel.py[line:348] ERROR pair spread not stationary
2021-08-24 11:50:51,560 85QuantileModel.py[line:343] INFO pass
2021-08-24 11:50:51,607 85QuantileModel.py[line:348] ERROR pair spread not stationary
2021-08-24 11:50:51,638 85QuantileModel.py[line:348] ERROR pair spread not stationary
2021-08-24 11:50:51,685 85QuantileModel.py[line:348] ERROR pair spread not stationary
2021-08-24 11:50:51,716 85QuantileModel.py[line:348] ERROR pair spread not stationary
2021-08-24 11:50:51,763 85QuantileModel.py[line:348] ERROR pair spread not stationary
2021-08-24 11:50:51,795 85QuantileModel.py[line:348] ERROR pair spread not stationary
2021-08-24 11:50:51,841 85QuantileModel.py[line:348] ERROR pair spread not stationary
2021-08-24 11:50:51,873 85QuantileModel.py[line:348] ERROR pair spread not stationary
2021-08-24 11:50:51,920 85QuantileModel.py[line:348] ERROR pair spread not stationary
2021-08-24 11:50:51,951 85QuantileModel.py[line:343] INFO pass
2021-08-24 11:50:51,982 85QuantileModel.py[line:348] ERROR pair spread not stationary
2021-08-24 11:50:52,029 85QuantileModel.py[line:348] ERROR pair spread not stationary
2021-08-24 11:50:52,060 85QuantileModel.py[line:348] ERROR pair spread not stationary
2021-08-24 11:50:52,107 85QuantileModel.py[line:348] ERROR pair spread not stationary
2021-08-24 11:50:52,138 85QuantileModel.py[line:348] ERROR pair spread not stationary
2021-08-24 11:50:52,185 85QuantileModel.py[line:348] ERROR pair spread not stationary
2021-08-24 11:50:52,220 85QuantileModel.py[line:348] ERROR pair spread not stationary
2021-08-24 11:50:52,267 85QuantileModel.py[line:348] ERROR pair spread not stationary
2021-08-24 11:50:52,298 85QuantileModel.py[line:348] ERROR pair spread not stationary
2021-08-24 11:50:52,337 85QuantileModel.py[line:348] ERROR pair spread not stationary
2021-08-24 11:50:52,384 85QuantileModel.py[line:343] INFO pass
2021-08-24 11:50:52,415 85QuantileModel.py[line:348] ERROR pair spread not stationary
2021-08-24 11:50:52,462 85QuantileModel.py[line:343] INFO pass
2021-08-24 11:50:52,493 85QuantileModel.py[line:343] INFO pass
2021-08-24 11:50:52,545 85QuantileModel.py[line:343] INFO pass
2021-08-24 11:50:52,576 85QuantileModel.py[line:343] INFO pass
2021-08-24 11:50:52,608 85QuantileModel.py[line:348] ERROR pair spread not stationary
2021-08-24 11:50:52,639 85QuantileModel.py[line:348] ERROR pair spread not stationary
2021-08-24 11:50:52,686 85QuantileModel.py[line:348] ERROR pair spread not stationary
2021-08-24 11:50:52,717 85QuantileModel.py[line:343] INFO pass
2021-08-24 11:50:52,764 85QuantileModel.py[line:343] INFO pass
2021-08-24 11:50:52,795 85QuantileModel.py[line:343] INFO pass
2021-08-24 11:50:52,842 85QuantileModel.py[line:348] ERROR pair spread not stationary
2021-08-24 11:50:52,873 85QuantileModel.py[line:348] ERROR pair spread not stationary
2021-08-24 11:50:52,920 85QuantileModel.py[line:348] ERROR pair spread not stationary
2021-08-24 11:50:52,951 85QuantileModel.py[line:348] ERROR pair spread not stationary
2021-08-24 11:50:52,982 85QuantileModel.py[line:348] ERROR pair spread not stationary
2021-08-24 11:50:53,029 85QuantileModel.py[line:348] ERROR pair spread not stationary
2021-08-24 11:50:53,061 85QuantileModel.py[line:348] ERROR pair spread not stationary
2021-08-24 11:50:53,107 85QuantileModel.py[line:343] INFO pass
2021-08-24 11:50:53,139 85QuantileModel.py[line:348] ERROR pair spread not stationary
2021-08-24 11:50:53,186 85QuantileModel.py[line:348] ERROR pair spread not stationary
2021-08-24 11:50:53,232 85QuantileModel.py[line:348] ERROR pair spread not stationary
2021-08-24 11:50:53,279 85QuantileModel.py[line:343] INFO pass
2021-08-24 11:50:53,310 85QuantileModel.py[line:348] ERROR pair spread not stationary
2021-08-24 11:50:53,357 85QuantileModel.py[line:348] ERROR pair spread not stationary
2021-08-24 11:50:53,404 85QuantileModel.py[line:348] ERROR pair spread not stationary
2021-08-24 11:50:53,451 85QuantileModel.py[line:348] ERROR pair spread not stationary
2021-08-24 11:50:53,482 85QuantileModel.py[line:343] INFO pass
2021-08-24 11:50:53,529 85QuantileModel.py[line:348] ERROR pair spread not stationary
2021-08-24 11:50:53,576 85QuantileModel.py[line:348] ERROR pair spread not stationary
2021-08-24 11:50:53,626 85QuantileModel.py[line:348] ERROR pair spread not stationary
2021-08-24 11:50:53,662 85QuantileModel.py[line:348] ERROR pair spread not stationary
2021-08-24 11:50:53,709 85QuantileModel.py[line:348] ERROR pair spread not stationary
2021-08-24 11:50:53,756 85QuantileModel.py[line:348] ERROR pair spread not stationary
2021-08-24 11:50:53,787 85QuantileModel.py[line:348] ERROR pair spread not stationary
2021-08-24 11:50:53,834 85QuantileModel.py[line:343] INFO pass
2021-08-24 11:50:53,886 85QuantileModel.py[line:348] ERROR pair spread not stationary
2021-08-24 11:50:53,933 85QuantileModel.py[line:343] INFO pass
2021-08-24 11:50:53,964 85QuantileModel.py[line:348] ERROR pair spread not stationary
2021-08-24 11:50:54,011 85QuantileModel.py[line:348] ERROR pair spread not stationary
2021-08-24 11:50:54,058 85QuantileModel.py[line:348] ERROR pair spread not stationary
2021-08-24 11:50:54,104 85QuantileModel.py[line:348] ERROR pair spread not stationary
2021-08-24 11:50:54,151 85QuantileModel.py[line:348] ERROR pair spread not stationary
2021-08-24 11:50:54,198 85QuantileModel.py[line:348] ERROR pair spread not stationary
2021-08-24 11:50:54,245 85QuantileModel.py[line:348] ERROR pair spread not stationary
2021-08-24 11:50:54,276 85QuantileModel.py[line:348] ERROR pair spread not stationary
2021-08-24 11:50:54,323 85QuantileModel.py[line:348] ERROR pair spread not stationary
2021-08-24 11:50:54,370 85QuantileModel.py[line:348] ERROR pair spread not stationary
2021-08-24 11:50:54,417 85QuantileModel.py[line:348] ERROR pair spread not stationary
2021-08-24 11:50:54,464 85QuantileModel.py[line:348] ERROR pair spread not stationary
2021-08-24 11:50:54,511 85QuantileModel.py[line:343] INFO pass
2021-08-24 11:50:54,557 85QuantileModel.py[line:348] ERROR pair spread not stationary
