2021-08-11 11:10:21,971 QTKlineModel.py[line:33] INFO QTKlineModel
2021-08-11 11:10:21,971 QTKlineModel.py[line:372] INFO runningF:\1920total\pp1901.csv
2021-08-11 11:10:22,684 utils.py[line:157] INFO NumExpr defaulting to 8 threads.
2021-08-11 11:10:23,926 QTKlineModel.py[line:372] INFO runningF:\1920total\pp1902.csv
2021-08-11 11:10:26,139 QTKlineModel.py[line:372] INFO runningF:\1920total\pp1903.csv
2021-08-11 11:10:30,134 QTKlineModel.py[line:372] INFO runningF:\1920total\pp1904.csv
2021-08-11 11:10:37,659 QTKlineModel.py[line:372] INFO runningF:\1920total\pp1905.csv
2021-08-11 11:11:15,104 QTKlineModel.py[line:372] INFO runningF:\1920total\pp1906.csv
2021-08-11 11:11:28,854 QTKlineModel.py[line:372] INFO runningF:\1920total\pp1907.csv
2021-08-11 11:11:45,306 QTKlineModel.py[line:372] INFO runningF:\1920total\pp1908.csv
2021-08-11 11:12:09,194 QTKlineModel.py[line:372] INFO runningF:\1920total\pp1909.csv
2021-08-11 11:13:48,175 QTKlineModel.py[line:372] INFO runningF:\1920total\pp1910.csv
2021-08-11 11:14:18,997 QTKlineModel.py[line:372] INFO runningF:\1920total\pp1911.csv
2021-08-11 11:14:54,369 QTKlineModel.py[line:372] INFO runningF:\1920total\pp1912.csv
2021-08-11 11:15:38,301 QTKlineModel.py[line:372] INFO runningF:\1920total\pp2001.csv
2021-08-11 11:17:57,992 QTKlineModel.py[line:372] INFO runningF:\1920total\pp2002.csv
2021-08-11 11:18:43,455 QTKlineModel.py[line:372] INFO runningF:\1920total\pp2003.csv
2021-08-11 11:19:33,390 QTKlineModel.py[line:372] INFO runningF:\1920total\pp2004.csv
2021-08-11 11:20:23,694 QTKlineModel.py[line:372] INFO runningF:\1920total\pp2005.csv
2021-08-11 11:22:32,562 QTKlineModel.py[line:372] INFO runningF:\1920total\pp2006.csv
2021-08-11 11:23:25,447 QTKlineModel.py[line:372] INFO runningF:\1920total\pp2007.csv
2021-08-11 11:24:28,922 QTKlineModel.py[line:372] INFO runningF:\1920total\pp2008.csv
2021-08-11 11:25:37,190 QTKlineModel.py[line:372] INFO runningF:\1920total\pp2009.csv
2021-08-11 11:28:00,642 QTKlineModel.py[line:372] INFO runningF:\1920total\pp2010.csv
2021-08-11 11:29:17,976 QTKlineModel.py[line:372] INFO runningF:\1920total\pp2011.csv
2021-08-11 11:30:28,140 QTKlineModel.py[line:372] INFO runningF:\1920total\pp2012.csv
2021-08-11 11:31:36,189 QTKlineModel.py[line:372] INFO runningF:\1920total\pp2101.csv
2021-08-11 11:33:57,806 QTKlineModel.py[line:372] INFO runningF:\1920total\pp2102.csv
2021-08-11 11:35:23,345 QTKlineModel.py[line:372] INFO runningF:\1920total\pp2103.csv
2021-08-11 11:36:35,020 QTKlineModel.py[line:372] INFO runningF:\1920total\pp2104.csv
2021-08-11 11:37:28,289 QTKlineModel.py[line:372] INFO runningF:\1920total\pp2105.csv
2021-08-11 11:38:23,482 QTKlineModel.py[line:372] INFO runningF:\1920total\pp2106.csv
2021-08-11 11:38:49,931 QTKlineModel.py[line:372] INFO runningF:\1920total\pp2107.csv
2021-08-11 11:39:12,079 QTKlineModel.py[line:372] INFO runningF:\1920total\pp2108.csv
2021-08-11 11:39:28,554 QTKlineModel.py[line:372] INFO runningF:\1920total\pp2109.csv
2021-08-11 11:39:39,078 QTKlineModel.py[line:372] INFO runningF:\1920total\pp2110.csv
2021-08-11 11:39:45,862 QTKlineModel.py[line:372] INFO runningF:\1920total\pp2111.csv
2021-08-11 11:39:50,594 QTKlineModel.py[line:372] INFO runningF:\1920total\pp2112.csv
2021-08-11 11:40:58,066 QTKlineModel.py[line:33] INFO QTKlineModel
2021-08-11 11:40:58,421 QTKlineModel.py[line:372] INFO runningF:\1920total\v1901.csv
2021-08-11 11:40:58,463 utils.py[line:157] INFO NumExpr defaulting to 8 threads.
2021-08-11 11:40:59,496 QTKlineModel.py[line:372] INFO runningF:\1920total\v1902.csv
2021-08-11 11:41:02,134 QTKlineModel.py[line:372] INFO runningF:\1920total\v1903.csv
2021-08-11 11:41:05,727 QTKlineModel.py[line:372] INFO runningF:\1920total\v1904.csv
2021-08-11 11:41:11,008 QTKlineModel.py[line:372] INFO runningF:\1920total\v1905.csv
2021-08-11 11:41:34,357 QTKlineModel.py[line:372] INFO runningF:\1920total\v1906.csv
2021-08-11 11:41:44,425 QTKlineModel.py[line:372] INFO runningF:\1920total\v1907.csv
2021-08-11 11:41:57,393 QTKlineModel.py[line:372] INFO runningF:\1920total\v1908.csv
2021-08-11 11:42:13,383 QTKlineModel.py[line:372] INFO runningF:\1920total\v1909.csv
2021-08-11 11:43:16,274 QTKlineModel.py[line:372] INFO runningF:\1920total\v1910.csv
2021-08-11 11:43:40,251 QTKlineModel.py[line:372] INFO runningF:\1920total\v1911.csv
2021-08-11 11:44:07,366 QTKlineModel.py[line:372] INFO runningF:\1920total\v1912.csv
2021-08-11 11:44:38,702 QTKlineModel.py[line:372] INFO runningF:\1920total\v2001.csv
2021-08-11 11:46:00,097 QTKlineModel.py[line:372] INFO runningF:\1920total\v2002.csv
2021-08-11 11:46:33,735 QTKlineModel.py[line:372] INFO runningF:\1920total\v2003.csv
2021-08-11 11:47:10,393 QTKlineModel.py[line:372] INFO runningF:\1920total\v2004.csv
2021-08-11 11:47:50,349 QTKlineModel.py[line:372] INFO runningF:\1920total\v2005.csv
2021-08-11 11:49:03,883 QTKlineModel.py[line:372] INFO runningF:\1920total\v2006.csv
2021-08-11 11:49:47,730 QTKlineModel.py[line:372] INFO runningF:\1920total\v2007.csv
2021-08-11 11:50:32,680 QTKlineModel.py[line:372] INFO runningF:\1920total\v2008.csv
2021-08-11 11:51:18,755 QTKlineModel.py[line:372] INFO runningF:\1920total\v2009.csv
2021-08-11 11:52:51,080 QTKlineModel.py[line:372] INFO runningF:\1920total\v2010.csv
2021-08-11 11:53:38,203 QTKlineModel.py[line:372] INFO runningF:\1920total\v2011.csv
2021-08-11 11:54:23,307 QTKlineModel.py[line:372] INFO runningF:\1920total\v2012.csv
2021-08-11 11:55:04,792 QTKlineModel.py[line:372] INFO runningF:\1920total\v2101.csv
2021-08-11 11:56:39,539 QTKlineModel.py[line:372] INFO runningF:\1920total\v2102.csv
2021-08-11 11:57:32,087 QTKlineModel.py[line:372] INFO runningF:\1920total\v2103.csv
2021-08-11 11:58:16,064 QTKlineModel.py[line:372] INFO runningF:\1920total\v2104.csv
2021-08-11 11:58:52,971 QTKlineModel.py[line:372] INFO runningF:\1920total\v2105.csv
2021-08-11 11:59:34,685 QTKlineModel.py[line:372] INFO runningF:\1920total\v2106.csv
2021-08-11 11:59:54,592 QTKlineModel.py[line:372] INFO runningF:\1920total\v2107.csv
2021-08-11 12:00:10,476 QTKlineModel.py[line:372] INFO runningF:\1920total\v2108.csv
2021-08-11 12:00:22,845 QTKlineModel.py[line:372] INFO runningF:\1920total\v2109.csv
2021-08-11 12:00:32,049 QTKlineModel.py[line:372] INFO runningF:\1920total\v2110.csv
2021-08-11 12:00:37,973 QTKlineModel.py[line:372] INFO runningF:\1920total\v2111.csv
2021-08-11 12:00:42,004 QTKlineModel.py[line:372] INFO runningF:\1920total\v2112.csv
2021-08-11 12:03:45,735 QTKlineModel.py[line:33] INFO QTKlineModel
2021-08-11 12:03:45,750 QTKlineModel.py[line:373] INFO runningF:\1920total\j1901.csv
2021-08-11 12:03:46,340 utils.py[line:157] INFO NumExpr defaulting to 8 threads.
2021-08-11 12:03:47,556 QTKlineModel.py[line:373] INFO runningF:\1920total\j1902.csv
2021-08-11 12:03:50,209 QTKlineModel.py[line:373] INFO runningF:\1920total\j1903.csv
2021-08-11 12:03:55,369 QTKlineModel.py[line:373] INFO runningF:\1920total\j1904.csv
2021-08-11 12:04:04,339 QTKlineModel.py[line:373] INFO runningF:\1920total\j1905.csv
2021-08-11 12:04:52,449 QTKlineModel.py[line:373] INFO runningF:\1920total\j1906.csv
2021-08-11 12:05:06,982 QTKlineModel.py[line:373] INFO runningF:\1920total\j1907.csv
2021-08-11 12:05:27,778 QTKlineModel.py[line:373] INFO runningF:\1920total\j1908.csv
2021-08-11 12:05:50,189 QTKlineModel.py[line:373] INFO runningF:\1920total\j1909.csv
2021-08-11 12:07:26,300 QTKlineModel.py[line:373] INFO runningF:\1920total\j1910.csv
2021-08-11 12:08:01,200 QTKlineModel.py[line:373] INFO runningF:\1920total\j1911.csv
2021-08-11 12:08:41,138 QTKlineModel.py[line:373] INFO runningF:\1920total\j1912.csv
2021-08-11 12:09:31,207 QTKlineModel.py[line:373] INFO runningF:\1920total\j2001.csv
2021-08-11 12:11:38,045 QTKlineModel.py[line:373] INFO runningF:\1920total\j2002.csv
2021-08-11 12:12:23,263 QTKlineModel.py[line:373] INFO runningF:\1920total\j2003.csv
2021-08-11 12:13:09,022 QTKlineModel.py[line:373] INFO runningF:\1920total\j2004.csv
2021-08-11 12:13:55,452 QTKlineModel.py[line:373] INFO runningF:\1920total\j2005.csv
2021-08-11 12:15:39,478 QTKlineModel.py[line:373] INFO runningF:\1920total\j2006.csv
2021-08-11 12:16:23,241 QTKlineModel.py[line:373] INFO runningF:\1920total\j2007.csv
2021-08-11 12:17:10,785 QTKlineModel.py[line:373] INFO runningF:\1920total\j2008.csv
2021-08-11 12:17:56,240 QTKlineModel.py[line:373] INFO runningF:\1920total\j2009.csv
2021-08-11 12:19:51,599 QTKlineModel.py[line:373] INFO runningF:\1920total\j2010.csv
2021-08-11 12:20:43,840 QTKlineModel.py[line:373] INFO runningF:\1920total\j2011.csv
2021-08-11 12:21:33,952 QTKlineModel.py[line:373] INFO runningF:\1920total\j2012.csv
2021-08-11 12:22:26,010 QTKlineModel.py[line:373] INFO runningF:\1920total\j2101.csv
2021-08-11 12:24:15,288 QTKlineModel.py[line:373] INFO runningF:\1920total\j2102.csv
2021-08-11 12:25:23,659 QTKlineModel.py[line:373] INFO runningF:\1920total\j2103.csv
2021-08-11 12:26:15,992 QTKlineModel.py[line:373] INFO runningF:\1920total\j2104.csv
2021-08-11 12:27:05,523 QTKlineModel.py[line:373] INFO runningF:\1920total\j2105.csv
2021-08-11 12:27:52,946 QTKlineModel.py[line:373] INFO runningF:\1920total\j2106.csv
2021-08-11 12:28:14,791 QTKlineModel.py[line:373] INFO runningF:\1920total\j2107.csv
2021-08-11 12:28:33,064 QTKlineModel.py[line:373] INFO runningF:\1920total\j2108.csv
2021-08-11 12:28:47,242 QTKlineModel.py[line:373] INFO runningF:\1920total\j2109.csv
2021-08-11 12:28:58,212 QTKlineModel.py[line:373] INFO runningF:\1920total\j2110.csv
2021-08-11 12:29:05,252 QTKlineModel.py[line:373] INFO runningF:\1920total\j2111.csv
2021-08-11 12:29:10,330 QTKlineModel.py[line:373] INFO runningF:\1920total\j2112.csv
2021-08-11 12:29:12,297 QTKlineModel.py[line:373] INFO runningF:\1920total\jm1901.csv
2021-08-11 12:29:13,546 QTKlineModel.py[line:373] INFO runningF:\1920total\jm1902.csv
2021-08-11 12:29:15,983 QTKlineModel.py[line:373] INFO runningF:\1920total\jm1903.csv
2021-08-11 12:29:20,165 QTKlineModel.py[line:373] INFO runningF:\1920total\jm1904.csv
2021-08-11 12:29:26,908 QTKlineModel.py[line:373] INFO runningF:\1920total\jm1905.csv
2021-08-11 12:30:06,304 QTKlineModel.py[line:373] INFO runningF:\1920total\jm1906.csv
2021-08-11 12:30:19,286 QTKlineModel.py[line:373] INFO runningF:\1920total\jm1907.csv
2021-08-11 12:30:37,533 QTKlineModel.py[line:373] INFO runningF:\1920total\jm1908.csv
2021-08-11 12:30:58,099 QTKlineModel.py[line:373] INFO runningF:\1920total\jm1909.csv
2021-08-11 12:32:10,647 QTKlineModel.py[line:373] INFO runningF:\1920total\jm1910.csv
2021-08-11 12:32:39,891 QTKlineModel.py[line:373] INFO runningF:\1920total\jm1911.csv
2021-08-11 12:33:15,859 QTKlineModel.py[line:373] INFO runningF:\1920total\jm1912.csv
2021-08-11 12:34:03,814 QTKlineModel.py[line:373] INFO runningF:\1920total\jm2001.csv
2021-08-11 12:35:28,441 QTKlineModel.py[line:373] INFO runningF:\1920total\jm2002.csv
2021-08-11 12:36:08,587 QTKlineModel.py[line:373] INFO runningF:\1920total\jm2003.csv
2021-08-11 12:36:52,468 QTKlineModel.py[line:373] INFO runningF:\1920total\jm2004.csv
2021-08-11 12:37:35,003 QTKlineModel.py[line:373] INFO runningF:\1920total\jm2005.csv
2021-08-11 12:38:47,137 QTKlineModel.py[line:373] INFO runningF:\1920total\jm2006.csv
2021-08-11 12:39:27,746 QTKlineModel.py[line:373] INFO runningF:\1920total\jm2007.csv
2021-08-11 12:40:08,620 QTKlineModel.py[line:373] INFO runningF:\1920total\jm2008.csv
2021-08-11 12:40:53,446 QTKlineModel.py[line:373] INFO runningF:\1920total\jm2009.csv
2021-08-11 12:42:14,690 QTKlineModel.py[line:373] INFO runningF:\1920total\jm2010.csv
2021-08-11 12:42:58,121 QTKlineModel.py[line:373] INFO runningF:\1920total\jm2011.csv
2021-08-11 12:43:44,534 QTKlineModel.py[line:373] INFO runningF:\1920total\jm2012.csv
2021-08-11 12:44:29,975 QTKlineModel.py[line:373] INFO runningF:\1920total\jm2101.csv
2021-08-11 12:45:50,212 QTKlineModel.py[line:373] INFO runningF:\1920total\jm2102.csv
2021-08-11 12:46:48,534 QTKlineModel.py[line:373] INFO runningF:\1920total\jm2103.csv
2021-08-11 12:47:38,407 QTKlineModel.py[line:373] INFO runningF:\1920total\jm2104.csv
2021-08-11 12:48:21,474 QTKlineModel.py[line:373] INFO runningF:\1920total\jm2105.csv
2021-08-11 12:48:59,802 QTKlineModel.py[line:373] INFO runningF:\1920total\jm2106.csv
2021-08-11 12:49:20,166 QTKlineModel.py[line:373] INFO runningF:\1920total\jm2107.csv
2021-08-11 12:49:36,639 QTKlineModel.py[line:373] INFO runningF:\1920total\jm2108.csv
2021-08-11 12:49:48,782 QTKlineModel.py[line:373] INFO runningF:\1920total\jm2109.csv
2021-08-11 12:49:58,255 QTKlineModel.py[line:373] INFO runningF:\1920total\jm2110.csv
2021-08-11 12:50:04,447 QTKlineModel.py[line:373] INFO runningF:\1920total\jm2111.csv
2021-08-11 12:50:08,560 QTKlineModel.py[line:373] INFO runningF:\1920total\jm2112.csv
2021-08-11 12:50:10,233 QTKlineModel.py[line:373] INFO runningF:\1920total\y1901.csv
2021-08-11 12:50:11,368 QTKlineModel.py[line:373] INFO runningF:\1920total\y1903.csv
2021-08-11 12:50:15,691 QTKlineModel.py[line:373] INFO runningF:\1920total\y1905.csv
2021-08-11 12:50:52,795 QTKlineModel.py[line:373] INFO runningF:\1920total\y1907.csv
2021-08-11 12:51:08,381 QTKlineModel.py[line:373] INFO runningF:\1920total\y1908.csv
2021-08-11 12:51:29,122 QTKlineModel.py[line:373] INFO runningF:\1920total\y1909.csv
2021-08-11 12:52:59,561 QTKlineModel.py[line:373] INFO runningF:\1920total\y1911.csv
2021-08-11 12:53:31,098 QTKlineModel.py[line:373] INFO runningF:\1920total\y1912.csv
2021-08-11 12:54:10,026 QTKlineModel.py[line:373] INFO runningF:\1920total\y2001.csv
2021-08-11 12:56:24,116 QTKlineModel.py[line:373] INFO runningF:\1920total\y2003.csv
2021-08-11 12:57:06,842 QTKlineModel.py[line:373] INFO runningF:\1920total\y2005.csv
2021-08-11 12:59:18,317 QTKlineModel.py[line:373] INFO runningF:\1920total\y2007.csv
2021-08-11 12:59:57,608 QTKlineModel.py[line:373] INFO runningF:\1920total\y2008.csv
2021-08-11 13:00:37,698 QTKlineModel.py[line:373] INFO runningF:\1920total\y2009.csv
2021-08-11 13:03:01,921 QTKlineModel.py[line:373] INFO runningF:\1920total\y2011.csv
2021-08-11 13:04:03,527 QTKlineModel.py[line:373] INFO runningF:\1920total\y2012.csv
2021-08-11 13:05:02,891 QTKlineModel.py[line:373] INFO runningF:\1920total\y2101.csv
2021-08-11 13:07:45,131 QTKlineModel.py[line:373] INFO runningF:\1920total\y2103.csv
2021-08-11 13:08:50,997 QTKlineModel.py[line:373] INFO runningF:\1920total\y2105.csv
2021-08-11 13:10:11,027 QTKlineModel.py[line:373] INFO runningF:\1920total\y2107.csv
2021-08-11 13:10:56,791 QTKlineModel.py[line:373] INFO runningF:\1920total\y2108.csv
2021-08-11 13:11:25,344 QTKlineModel.py[line:373] INFO runningF:\1920total\y2109.csv
2021-08-11 13:11:43,510 QTKlineModel.py[line:373] INFO runningF:\1920total\y2111.csv
2021-08-11 13:11:48,446 QTKlineModel.py[line:373] INFO runningF:\1920total\y2112.csv
2021-08-11 13:11:50,414 QTKlineModel.py[line:373] INFO runningF:\1920total\m1901.csv
2021-08-11 13:11:51,641 QTKlineModel.py[line:373] INFO runningF:\1920total\m1903.csv
2021-08-11 13:11:59,988 QTKlineModel.py[line:373] INFO runningF:\1920total\m1905.csv
2021-08-11 13:12:50,784 QTKlineModel.py[line:373] INFO runningF:\1920total\m1907.csv
2021-08-11 13:13:23,476 QTKlineModel.py[line:373] INFO runningF:\1920total\m1908.csv
2021-08-11 13:13:52,500 QTKlineModel.py[line:373] INFO runningF:\1920total\m1909.csv
2021-08-11 13:15:48,888 QTKlineModel.py[line:373] INFO runningF:\1920total\m1911.csv
2021-08-11 13:16:48,121 QTKlineModel.py[line:373] INFO runningF:\1920total\m1912.csv
2021-08-11 13:17:38,415 QTKlineModel.py[line:373] INFO runningF:\1920total\m2001.csv
2021-08-11 13:20:10,527 QTKlineModel.py[line:373] INFO runningF:\1920total\m2003.csv
2021-08-11 13:21:11,742 QTKlineModel.py[line:373] INFO runningF:\1920total\m2005.csv
2021-08-11 13:23:44,573 QTKlineModel.py[line:373] INFO runningF:\1920total\m2007.csv
2021-08-11 13:24:48,205 QTKlineModel.py[line:373] INFO runningF:\1920total\m2008.csv
2021-08-11 13:25:40,949 QTKlineModel.py[line:373] INFO runningF:\1920total\m2009.csv
2021-08-11 13:28:27,037 QTKlineModel.py[line:373] INFO runningF:\1920total\m2011.csv
2021-08-11 13:29:53,305 QTKlineModel.py[line:373] INFO runningF:\1920total\m2012.csv
2021-08-11 13:30:49,855 QTKlineModel.py[line:373] INFO runningF:\1920total\m2101.csv
2021-08-11 13:33:18,760 QTKlineModel.py[line:373] INFO runningF:\1920total\m2103.csv
2021-08-11 13:34:24,886 QTKlineModel.py[line:373] INFO runningF:\1920total\m2105.csv
2021-08-11 13:35:57,380 QTKlineModel.py[line:373] INFO runningF:\1920total\m2107.csv
2021-08-11 13:36:43,030 QTKlineModel.py[line:373] INFO runningF:\1920total\m2108.csv
2021-08-11 13:37:14,515 QTKlineModel.py[line:373] INFO runningF:\1920total\m2109.csv
2021-08-11 13:37:43,920 QTKlineModel.py[line:373] INFO runningF:\1920total\m2111.csv
2021-08-11 13:37:48,423 QTKlineModel.py[line:373] INFO runningF:\1920total\m2112.csv
2021-08-11 13:37:50,296 QTKlineModel.py[line:373] INFO runningF:\1920total\p1901.csv
2021-08-11 13:37:51,433 QTKlineModel.py[line:373] INFO runningF:\1920total\p1902.csv
2021-08-11 13:37:53,935 QTKlineModel.py[line:373] INFO runningF:\1920total\p1903.csv
2021-08-11 13:37:57,990 QTKlineModel.py[line:373] INFO runningF:\1920total\p1904.csv
2021-08-11 13:38:04,750 QTKlineModel.py[line:373] INFO runningF:\1920total\p1905.csv
2021-08-11 13:38:45,319 QTKlineModel.py[line:373] INFO runningF:\1920total\p1906.csv
2021-08-11 13:38:58,250 QTKlineModel.py[line:373] INFO runningF:\1920total\p1907.csv
2021-08-11 13:39:14,001 QTKlineModel.py[line:373] INFO runningF:\1920total\p1908.csv
2021-08-11 13:39:33,555 QTKlineModel.py[line:373] INFO runningF:\1920total\p1909.csv
2021-08-11 13:40:58,592 QTKlineModel.py[line:373] INFO runningF:\1920total\p1910.csv
2021-08-11 13:41:27,318 QTKlineModel.py[line:373] INFO runningF:\1920total\p1911.csv
2021-08-11 13:41:59,946 QTKlineModel.py[line:373] INFO runningF:\1920total\p1912.csv
2021-08-11 13:42:36,925 QTKlineModel.py[line:373] INFO runningF:\1920total\p2001.csv
2021-08-11 13:44:48,083 QTKlineModel.py[line:373] INFO runningF:\1920total\p2002.csv
2021-08-11 13:45:30,225 QTKlineModel.py[line:373] INFO runningF:\1920total\p2003.csv
2021-08-11 13:46:12,656 QTKlineModel.py[line:373] INFO runningF:\1920total\p2004.csv
2021-08-11 13:46:51,627 QTKlineModel.py[line:373] INFO runningF:\1920total\p2005.csv
2021-08-11 13:49:12,195 QTKlineModel.py[line:373] INFO runningF:\1920total\p2006.csv
2021-08-11 13:49:53,101 QTKlineModel.py[line:373] INFO runningF:\1920total\p2007.csv
2021-08-11 13:50:32,570 QTKlineModel.py[line:373] INFO runningF:\1920total\p2008.csv
2021-08-11 13:51:12,206 QTKlineModel.py[line:373] INFO runningF:\1920total\p2009.csv
2021-08-11 13:53:44,675 QTKlineModel.py[line:373] INFO runningF:\1920total\p2010.csv
2021-08-11 13:54:40,007 QTKlineModel.py[line:373] INFO runningF:\1920total\p2011.csv
2021-08-11 13:55:38,391 QTKlineModel.py[line:373] INFO runningF:\1920total\p2012.csv
2021-08-11 13:56:41,205 QTKlineModel.py[line:373] INFO runningF:\1920total\p2101.csv
2021-08-11 13:59:12,102 QTKlineModel.py[line:373] INFO runningF:\1920total\p2102.csv
2021-08-11 14:00:29,099 QTKlineModel.py[line:373] INFO runningF:\1920total\p2103.csv
2021-08-11 14:01:33,442 QTKlineModel.py[line:373] INFO runningF:\1920total\p2104.csv
2021-08-11 14:02:19,965 QTKlineModel.py[line:373] INFO runningF:\1920total\p2105.csv
2021-08-11 14:03:32,354 QTKlineModel.py[line:373] INFO runningF:\1920total\p2106.csv
2021-08-11 14:03:57,006 QTKlineModel.py[line:373] INFO runningF:\1920total\p2107.csv
2021-08-11 14:04:17,052 QTKlineModel.py[line:373] INFO runningF:\1920total\p2108.csv
2021-08-11 14:04:30,663 QTKlineModel.py[line:373] INFO runningF:\1920total\p2109.csv
2021-08-11 14:04:44,516 QTKlineModel.py[line:373] INFO runningF:\1920total\p2110.csv
2021-08-11 14:04:52,274 QTKlineModel.py[line:373] INFO runningF:\1920total\p2111.csv
2021-08-11 14:04:57,282 QTKlineModel.py[line:373] INFO runningF:\1920total\p2112.csv
2021-08-11 14:04:59,393 QTKlineModel.py[line:373] INFO runningF:\1920total\ag1901.csv
2021-08-11 14:05:00,703 QTKlineModel.py[line:373] INFO runningF:\1920total\ag1902.csv
2021-08-11 14:05:04,291 QTKlineModel.py[line:373] INFO runningF:\1920total\ag1903.csv
2021-08-11 14:05:11,036 QTKlineModel.py[line:373] INFO runningF:\1920total\ag1904.csv
2021-08-11 14:05:21,745 QTKlineModel.py[line:373] INFO runningF:\1920total\ag1905.csv
2021-08-11 14:05:36,800 QTKlineModel.py[line:373] INFO runningF:\1920total\ag1906.csv
2021-08-11 14:06:39,215 QTKlineModel.py[line:373] INFO runningF:\1920total\ag1907.csv
2021-08-11 14:07:03,924 QTKlineModel.py[line:373] INFO runningF:\1920total\ag1908.csv
2021-08-11 14:07:35,403 QTKlineModel.py[line:373] INFO runningF:\1920total\ag1909.csv
2021-08-11 14:08:15,367 QTKlineModel.py[line:373] INFO runningF:\1920total\ag1910.csv
2021-08-11 14:09:01,159 QTKlineModel.py[line:373] INFO runningF:\1920total\ag1911.csv
2021-08-11 14:09:54,644 QTKlineModel.py[line:373] INFO runningF:\1920total\ag1912.csv
2021-08-11 14:13:22,918 QTKlineModel.py[line:373] INFO runningF:\1920total\ag2001.csv
2021-08-11 14:14:36,528 QTKlineModel.py[line:373] INFO runningF:\1920total\ag2002.csv
2021-08-11 14:17:20,588 QTKlineModel.py[line:373] INFO runningF:\1920total\ag2003.csv
2021-08-11 14:18:29,535 QTKlineModel.py[line:373] INFO runningF:\1920total\ag2004.csv
2021-08-11 14:20:51,879 QTKlineModel.py[line:373] INFO runningF:\1920total\ag2005.csv
2021-08-11 14:22:02,002 QTKlineModel.py[line:373] INFO runningF:\1920total\ag2006.csv
2021-08-11 14:24:55,254 QTKlineModel.py[line:373] INFO runningF:\1920total\ag2007.csv
2021-08-11 14:26:40,447 QTKlineModel.py[line:373] INFO runningF:\1920total\ag2008.csv
2021-08-11 14:28:48,173 QTKlineModel.py[line:373] INFO runningF:\1920total\ag2009.csv
2021-08-11 14:31:03,557 QTKlineModel.py[line:373] INFO runningF:\1920total\ag2010.csv
2021-08-11 14:33:19,024 QTKlineModel.py[line:373] INFO runningF:\1920total\ag2011.csv
2021-08-11 14:35:23,599 QTKlineModel.py[line:373] INFO runningF:\1920total\ag2012.csv
2021-08-11 14:39:43,582 QTKlineModel.py[line:373] INFO runningF:\1920total\ag2101.csv
2021-08-11 14:42:48,400 QTKlineModel.py[line:373] INFO runningF:\1920total\ag2102.csv
2021-08-11 14:45:39,584 QTKlineModel.py[line:373] INFO runningF:\1920total\ag2103.csv
2021-08-11 14:47:46,324 QTKlineModel.py[line:373] INFO runningF:\1920total\ag2104.csv
2021-08-11 14:49:20,942 QTKlineModel.py[line:373] INFO runningF:\1920total\ag2105.csv
2021-08-11 14:50:48,697 QTKlineModel.py[line:373] INFO runningF:\1920total\ag2106.csv
2021-08-11 14:52:11,469 QTKlineModel.py[line:373] INFO runningF:\1920total\ag2107.csv
2021-08-11 14:52:47,825 QTKlineModel.py[line:373] INFO runningF:\1920total\ag2108.csv
2021-08-11 14:53:12,920 QTKlineModel.py[line:373] INFO runningF:\1920total\ag2109.csv
2021-08-11 14:53:30,190 QTKlineModel.py[line:373] INFO runningF:\1920total\ag2110.csv
2021-08-11 14:53:42,282 QTKlineModel.py[line:373] INFO runningF:\1920total\ag2111.csv
2021-08-11 14:53:49,070 QTKlineModel.py[line:373] INFO runningF:\1920total\ag2112.csv
2021-08-11 14:53:52,149 QTKlineModel.py[line:373] INFO runningF:\1920total\au1901.csv
2021-08-11 14:53:53,452 QTKlineModel.py[line:373] INFO runningF:\1920total\au1902.csv
2021-08-11 14:53:56,977 QTKlineModel.py[line:373] INFO runningF:\1920total\au1903.csv
2021-08-11 14:54:03,194 QTKlineModel.py[line:373] INFO runningF:\1920total\au1904.csv
2021-08-11 14:54:19,752 QTKlineModel.py[line:373] INFO runningF:\1920total\au1905.csv
2021-08-11 14:54:27,965 QTKlineModel.py[line:373] INFO runningF:\1920total\au1906.csv
2021-08-11 14:55:19,405 QTKlineModel.py[line:373] INFO runningF:\1920total\au1907.csv
2021-08-11 14:55:27,789 QTKlineModel.py[line:373] INFO runningF:\1920total\au1908.csv
2021-08-11 14:56:22,230 QTKlineModel.py[line:373] INFO runningF:\1920total\au1909.csv
2021-08-11 14:56:31,806 QTKlineModel.py[line:373] INFO runningF:\1920total\au1910.csv
2021-08-11 14:57:41,462 QTKlineModel.py[line:373] INFO runningF:\1920total\au1911.csv
2021-08-11 14:57:50,188 QTKlineModel.py[line:373] INFO runningF:\1920total\au1912.csv
2021-08-11 15:00:43,195 QTKlineModel.py[line:373] INFO runningF:\1920total\au2001.csv
2021-08-11 15:00:55,159 QTKlineModel.py[line:373] INFO runningF:\1920total\au2002.csv
2021-08-11 15:03:21,235 QTKlineModel.py[line:373] INFO runningF:\1920total\au2003.csv
2021-08-11 15:03:28,772 QTKlineModel.py[line:373] INFO runningF:\1920total\au2004.csv
2021-08-11 15:05:52,083 QTKlineModel.py[line:373] INFO runningF:\1920total\au2005.csv
2021-08-11 15:05:59,700 QTKlineModel.py[line:373] INFO runningF:\1920total\au2006.csv
2021-08-11 15:08:43,371 QTKlineModel.py[line:373] INFO runningF:\1920total\au2007.csv
2021-08-11 15:08:52,885 QTKlineModel.py[line:373] INFO runningF:\1920total\au2008.csv
2021-08-11 15:11:12,978 QTKlineModel.py[line:373] INFO runningF:\1920total\au2009.csv
2021-08-11 15:11:26,420 QTKlineModel.py[line:373] INFO runningF:\1920total\au2010.csv
2021-08-11 15:13:55,172 QTKlineModel.py[line:373] INFO runningF:\1920total\au2011.csv
2021-08-11 15:14:05,879 QTKlineModel.py[line:373] INFO runningF:\1920total\au2012.csv
2021-08-11 15:17:54,917 QTKlineModel.py[line:373] INFO runningF:\1920total\au2101.csv
2021-08-11 15:18:19,007 QTKlineModel.py[line:373] INFO runningF:\1920total\au2102.csv
2021-08-11 15:21:16,533 QTKlineModel.py[line:373] INFO runningF:\1920total\au2103.csv
2021-08-11 15:21:19,388 QTKlineModel.py[line:373] INFO runningF:\1920total\au2104.csv
2021-08-11 15:23:35,339 QTKlineModel.py[line:373] INFO runningF:\1920total\au2106.csv
2021-08-11 15:24:59,303 QTKlineModel.py[line:373] INFO runningF:\1920total\au2108.csv
2021-08-11 15:26:05,844 QTKlineModel.py[line:373] INFO runningF:\1920total\au2110.csv
2021-08-11 15:26:26,080 QTKlineModel.py[line:373] INFO runningF:\1920total\au2112.csv
