2021-07-06 18:07:52,373 QTKlineModel.py[line:33] INFO QTKlineModel
2021-07-06 18:08:01,367 QTKlineModel.py[line:353] INFO runningb2003.csv
2021-07-06 18:08:32,009 QTKlineModel.py[line:33] INFO QTKlineModel
2021-07-06 18:08:35,253 QTKlineModel.py[line:353] INFO runningpb2102.csv
2021-07-06 18:15:44,249 QTKlineModel.py[line:353] INFO runningsn1904.csv
2021-07-06 18:16:57,099 QTKlineModel.py[line:353] INFO runningbu2103.csv
2021-07-06 18:23:05,687 QTKlineModel.py[line:353] INFO runningTS1909.csv
2021-07-06 18:24:09,536 QTKlineModel.py[line:353] INFO runningcs1905.csv
2021-07-06 18:25:16,369 QTKlineModel.py[line:353] INFO runningzn2108.csv
2021-07-06 18:26:16,886 QTKlineModel.py[line:353] INFO runningv2108.csv
2021-07-06 18:27:04,083 QTKlineModel.py[line:353] INFO runningSM908.csv
2021-07-06 18:28:02,076 QTKlineModel.py[line:353] INFO runningl2108.csv
2021-07-06 18:28:48,398 QTKlineModel.py[line:353] INFO runningm2012.csv
2021-07-06 18:31:31,410 QTKlineModel.py[line:353] INFO runningpp2004.csv
2021-07-06 18:33:56,929 QTKlineModel.py[line:353] INFO runningCF909.csv
2021-07-06 18:37:12,576 QTKlineModel.py[line:353] INFO runningb1909.csv
2021-07-06 18:39:16,105 QTKlineModel.py[line:353] INFO runningy2012.csv
2021-07-06 18:42:11,776 QTKlineModel.py[line:353] INFO runningPF111.csv
2021-07-06 18:42:29,209 QTKlineModel.py[line:353] INFO runningjd2102.csv
2021-07-06 18:44:11,233 QTKlineModel.py[line:353] INFO runningIH1906.csv
2021-07-06 18:45:36,725 QTKlineModel.py[line:353] INFO runningsc2010.csv
2021-07-06 18:49:39,515 QTKlineModel.py[line:353] INFO runningjm2002.csv
2021-07-06 18:51:52,326 QTKlineModel.py[line:353] INFO runningSR907.csv
2021-07-06 18:53:17,406 QTKlineModel.py[line:353] INFO runningpp2010.csv
2021-07-06 18:56:28,979 QTKlineModel.py[line:353] INFO runningfb1908.csv
2021-07-06 18:57:15,356 QTKlineModel.py[line:353] INFO runningni2110.csv
2021-07-06 18:58:02,658 QTKlineModel.py[line:353] INFO runningbu2105.csv
2021-07-06 18:58:26,435 QTKlineModel.py[line:353] INFO runningjd2007.csv
2021-07-06 19:00:54,236 QTKlineModel.py[line:353] INFO runningal2104.csv
2021-07-06 19:03:05,563 QTKlineModel.py[line:353] INFO runningzn2002.csv
2021-07-06 19:06:44,102 QTKlineModel.py[line:353] INFO runningfu1910.csv
2021-07-06 19:08:29,996 QTKlineModel.py[line:353] INFO runningSF111.csv
2021-07-06 19:08:48,367 QTKlineModel.py[line:353] INFO runningv1908.csv
2021-07-06 19:09:53,048 QTKlineModel.py[line:353] INFO runningbu1905.csv
2021-07-06 19:10:46,567 QTKlineModel.py[line:353] INFO runningSA005.csv
2021-07-06 19:11:56,520 QTKlineModel.py[line:353] INFO runningl2008.csv
2021-07-06 19:14:38,160 QTKlineModel.py[line:353] INFO runningnr2112.csv
2021-07-06 19:14:44,625 QTKlineModel.py[line:353] INFO runningau2009.csv
2021-07-06 19:15:26,574 QTKlineModel.py[line:353] INFO runningj2110.csv
2021-07-06 19:15:53,426 QTKlineModel.py[line:353] INFO runningOI103.csv
2021-07-06 19:18:47,356 QTKlineModel.py[line:353] INFO runningUR010.csv
2021-07-06 19:20:36,524 QTKlineModel.py[line:353] INFO runningsc2009.csv
2021-07-06 19:27:35,804 QTKlineModel.py[line:353] INFO runningpb1912.csv
2021-07-06 19:56:20,094 QTKlineModel.py[line:353] INFO runningb2004.csv
2021-07-06 19:58:27,602 QTKlineModel.py[line:353] INFO runningfu2012.csv
2021-07-06 20:44:40,907 QTKlineModel.py[line:353] INFO runningrb1908.csv
2021-07-06 21:04:38,759 QTKlineModel.py[line:353] INFO runningag1910.csv
2021-07-07 08:57:55,486 QTKlineModel.py[line:353] INFO runningZC011.csv
2021-07-07 09:01:41,828 QTKlineModel.py[line:353] INFO runningss2106.csv
2021-07-07 09:03:56,277 QTKlineModel.py[line:353] INFO runningfb2011.csv
2021-07-07 09:06:20,991 QTKlineModel.py[line:353] INFO runningPM111.csv
2021-07-07 09:06:42,099 QTKlineModel.py[line:353] INFO runningy2111.csv
2021-07-07 09:07:21,298 QTKlineModel.py[line:353] INFO runningag2006.csv
2021-07-07 09:15:54,031 QTKlineModel.py[line:353] INFO runningCJ003.csv
2021-07-07 09:18:10,151 QTKlineModel.py[line:353] INFO runningpp2101.csv
2021-07-07 09:24:06,542 QTKlineModel.py[line:353] INFO runningFG912.csv
2021-07-07 09:26:41,774 QTKlineModel.py[line:353] INFO runningsn2004.csv
2021-07-07 09:29:55,852 QTKlineModel.py[line:353] INFO runningsc2102.csv
2021-07-07 09:34:55,332 QTKlineModel.py[line:353] INFO runningMA911.csv
