2021-02-22 16:00:18,227 QTDataCleaningModel.py[line:32] INFO QTDataCleaning
2021-02-22 23:04:44,493 QTDataCleaningModel.py[line:32] INFO QTDataCleaning
2021-02-22 23:04:56,211 QTDataCleaningModel.py[line:61] INFO runningc2003.csv
2021-02-22 23:06:04,896 QTDataCleaningModel.py[line:61] INFO runningfb2008.csv
2021-02-22 23:07:08,587 QTDataCleaningModel.py[line:32] INFO QTDataCleaning
2021-02-22 23:07:08,884 QTDataCleaningModel.py[line:61] INFO runningni2005.csv
2021-02-22 23:07:25,616 QTDataCleaningModel.py[line:61] INFO runningSR001.csv
2021-02-22 23:07:26,145 QTDataCleaningModel.py[line:61] INFO runningy2009.csv
2021-02-22 23:08:11,438 QTDataCleaningModel.py[line:61] INFO runningPF109.csv
2021-02-22 23:08:15,078 QTDataCleaningModel.py[line:61] INFO runningcs2001.csv
2021-02-22 23:08:15,594 QTDataCleaningModel.py[line:61] INFO runningj2007.csv
2021-02-22 23:08:18,013 QTDataCleaningModel.py[line:61] INFO runningFG011.csv
2021-02-22 23:08:25,249 QTDataCleaningModel.py[line:61] INFO runningfu2108.csv
2021-02-22 23:08:27,623 QTDataCleaningModel.py[line:61] INFO runningb2006.csv
2021-02-22 23:08:34,058 QTDataCleaningModel.py[line:61] INFO runningsc2103.csv
2021-02-22 23:08:52,054 QTDataCleaningModel.py[line:61] INFO runningpp2104.csv
2021-02-22 23:09:06,832 QTDataCleaningModel.py[line:61] INFO runningss2006.csv
2021-02-22 23:09:16,690 QTDataCleaningModel.py[line:61] INFO runningrr2105.csv
2021-02-22 23:09:18,210 QTDataCleaningModel.py[line:61] INFO runningj2107.csv
2021-02-22 23:09:21,303 QTDataCleaningModel.py[line:61] INFO runninga2011.csv
2021-02-22 23:09:29,242 QTDataCleaningModel.py[line:61] INFO runningbu2101.csv
2021-02-22 23:09:46,386 QTDataCleaningModel.py[line:61] INFO runningc2101.csv
2021-02-22 23:10:29,622 QTDataCleaningModel.py[line:61] INFO runningrr2005.csv
2021-02-22 23:10:32,186 QTDataCleaningModel.py[line:61] INFO runningMA107.csv
2021-02-22 23:10:36,742 QTDataCleaningModel.py[line:61] INFO runningfb2007.csv
2021-02-22 23:10:37,797 QTDataCleaningModel.py[line:61] INFO runningRM011.csv
2021-02-22 23:10:56,484 QTDataCleaningModel.py[line:61] INFO runningwr2107.csv
2021-02-22 23:10:57,548 QTDataCleaningModel.py[line:61] INFO runningeb2105.csv
2021-02-22 23:11:08,027 QTDataCleaningModel.py[line:61] INFO runningTA010.csv
2021-02-22 23:11:21,574 QTDataCleaningModel.py[line:61] INFO runningjm2003.csv
2021-02-22 23:11:22,382 QTDataCleaningModel.py[line:61] INFO runningsc2012.csv
2021-02-22 23:11:49,718 QTDataCleaningModel.py[line:61] INFO runningv2011.csv
2021-02-22 23:11:55,773 QTDataCleaningModel.py[line:61] INFO runningTF2103.csv
2021-02-22 23:12:06,792 QTDataCleaningModel.py[line:61] INFO runningSM110.csv
2021-02-22 23:12:07,715 QTDataCleaningModel.py[line:61] INFO runningUR104.csv
2021-02-22 23:12:10,116 QTDataCleaningModel.py[line:61] INFO runningc2005.csv
2021-02-22 23:12:25,914 QTDataCleaningModel.py[line:61] INFO runningIH2102.csv
2021-02-22 23:12:26,905 QTDataCleaningModel.py[line:61] INFO runningPM103.csv
2021-02-22 23:12:28,394 QTDataCleaningModel.py[line:61] INFO runningWH105.csv
2021-02-22 23:12:29,536 QTDataCleaningModel.py[line:61] INFO runningeb2008.csv
2021-02-22 23:12:40,480 QTDataCleaningModel.py[line:61] INFO runningcu2102.csv
2021-02-22 23:13:09,270 QTDataCleaningModel.py[line:61] INFO runningPM009.csv
2021-02-22 23:13:10,782 QTDataCleaningModel.py[line:61] INFO runningeg2004.csv
2021-02-22 23:13:13,274 QTDataCleaningModel.py[line:61] INFO runningIH2003.csv
2021-02-22 23:13:24,180 QTDataCleaningModel.py[line:61] INFO runningCY111.csv
2021-02-22 23:13:24,704 QTDataCleaningModel.py[line:61] INFO runningss2105.csv
2021-02-22 23:13:31,658 QTDataCleaningModel.py[line:61] INFO runningSR009.csv
2021-02-22 23:14:23,929 QTDataCleaningModel.py[line:61] INFO runningbu2203.csv
2021-02-22 23:14:28,283 QTDataCleaningModel.py[line:61] INFO runningjd2002.csv
2021-02-22 23:14:30,554 QTDataCleaningModel.py[line:61] INFO runningpb2002.csv
2021-02-22 23:14:32,669 QTDataCleaningModel.py[line:61] INFO runningpb2106.csv
2021-02-22 23:14:37,554 QTDataCleaningModel.py[line:61] INFO runningrb2010.csv
2021-02-22 23:15:45,832 QTDataCleaningModel.py[line:61] INFO runningi2009.csv
2021-02-22 23:16:38,846 QTDataCleaningModel.py[line:61] INFO runningnr2110.csv
2021-02-22 23:16:39,511 QTDataCleaningModel.py[line:61] INFO runningRI009.csv
2021-02-22 23:16:40,994 QTDataCleaningModel.py[line:61] INFO runningbb2003.csv
2021-02-22 23:16:41,620 QTDataCleaningModel.py[line:61] INFO runningCF001.csv
2021-02-22 23:16:42,674 QTDataCleaningModel.py[line:61] INFO runningSM004.csv
2021-02-22 23:16:43,516 QTDataCleaningModel.py[line:61] INFO runninglu2104.csv
2021-02-22 23:16:57,570 QTDataCleaningModel.py[line:61] INFO runninghc2005.csv
2021-02-22 23:17:16,131 QTDataCleaningModel.py[line:61] INFO runningss2108.csv
2021-02-22 23:17:18,450 QTDataCleaningModel.py[line:61] INFO runningnr2107.csv
2021-02-22 23:17:20,365 QTDataCleaningModel.py[line:61] INFO runningrr2001.csv
2021-02-22 23:17:20,982 QTDataCleaningModel.py[line:61] INFO runningc2007.csv
2021-02-22 23:17:28,542 QTDataCleaningModel.py[line:61] INFO runningeb2111.csv
2021-02-22 23:17:30,340 QTDataCleaningModel.py[line:61] INFO runningsp2101.csv
2021-02-22 23:17:54,501 QTDataCleaningModel.py[line:61] INFO runningrb2009.csv
2021-02-22 23:18:07,449 QTDataCleaningModel.py[line:61] INFO runningUR007.csv
2021-02-22 23:18:09,476 QTDataCleaningModel.py[line:61] INFO runningzn2109.csv
2021-02-22 23:18:13,746 QTDataCleaningModel.py[line:61] INFO runninglu2105.csv
2021-02-22 23:18:21,220 QTDataCleaningModel.py[line:61] INFO runningjm2109.csv
2021-02-22 23:18:23,031 QTDataCleaningModel.py[line:61] INFO runningsn2105.csv
2021-02-22 23:18:35,252 QTDataCleaningModel.py[line:61] INFO runningc2009.csv
2021-02-22 23:19:13,595 QTDataCleaningModel.py[line:61] INFO runningIH2007.csv
2021-02-22 23:19:21,382 QTDataCleaningModel.py[line:61] INFO runningSF004.csv
2021-02-22 23:19:22,055 QTDataCleaningModel.py[line:61] INFO runningUR106.csv
2021-02-22 23:19:23,667 QTDataCleaningModel.py[line:61] INFO runningfu2111.csv
2021-02-22 23:19:25,033 QTDataCleaningModel.py[line:61] INFO runningZC004.csv
2021-02-22 23:19:25,901 QTDataCleaningModel.py[line:61] INFO runningIH2009.csv
2021-02-22 23:19:52,942 QTDataCleaningModel.py[line:61] INFO runningZC106.csv
2021-02-22 23:19:57,929 QTDataCleaningModel.py[line:61] INFO runningcu2111.csv
2021-02-22 23:20:01,155 QTDataCleaningModel.py[line:61] INFO runningCY107.csv
2021-02-22 23:20:01,972 QTDataCleaningModel.py[line:61] INFO runningzn2011.csv
2021-02-22 23:20:34,585 QTDataCleaningModel.py[line:61] INFO runningPM111.csv
2021-02-22 23:20:35,145 QTDataCleaningModel.py[line:61] INFO runningpg2011.csv
2021-02-22 23:21:22,363 QTDataCleaningModel.py[line:61] INFO runningi2007.csv
2021-02-22 23:21:29,925 QTDataCleaningModel.py[line:61] INFO runningni2105.csv
2021-02-22 23:21:51,643 QTDataCleaningModel.py[line:61] INFO runningni2107.csv
2021-02-22 23:22:01,357 QTDataCleaningModel.py[line:61] INFO runningrr2007.csv
2021-02-22 23:22:02,673 QTDataCleaningModel.py[line:61] INFO runningfu2103.csv
2021-02-22 23:22:15,159 QTDataCleaningModel.py[line:61] INFO runningss2004.csv
2021-02-22 23:22:16,058 QTDataCleaningModel.py[line:61] INFO runningsn2102.csv
2021-02-22 23:22:37,038 QTDataCleaningModel.py[line:61] INFO runninglu2103.csv
2021-02-22 23:22:51,550 QTDataCleaningModel.py[line:61] INFO runningSF007.csv
2021-02-22 23:22:59,190 QTDataCleaningModel.py[line:61] INFO runningrb2111.csv
2021-02-22 23:23:01,576 QTDataCleaningModel.py[line:61] INFO runningp2003.csv
2021-02-22 23:23:02,710 QTDataCleaningModel.py[line:61] INFO runningpg2103.csv
2021-02-22 23:23:24,811 QTDataCleaningModel.py[line:61] INFO runningv2105.csv
2021-02-22 23:23:41,903 QTDataCleaningModel.py[line:61] INFO runningWH009.csv
2021-02-22 23:23:44,104 QTDataCleaningModel.py[line:61] INFO runningjd2101.csv
2021-02-22 23:24:11,649 QTDataCleaningModel.py[line:61] INFO runningIH2011.csv
2021-02-22 23:24:20,337 QTDataCleaningModel.py[line:61] INFO runninghc2105.csv
2021-02-22 23:24:47,965 QTDataCleaningModel.py[line:61] INFO runningUR111.csv
2021-02-22 23:24:48,651 QTDataCleaningModel.py[line:61] INFO runningsn2104.csv
2021-02-22 23:25:00,277 QTDataCleaningModel.py[line:61] INFO runningsn2111.csv
2021-02-22 23:25:01,401 QTDataCleaningModel.py[line:61] INFO runningru2004.csv
2021-02-22 23:25:03,476 QTDataCleaningModel.py[line:61] INFO runningbu2010.csv
2021-02-22 23:25:07,082 QTDataCleaningModel.py[line:61] INFO runningal2011.csv
2021-02-22 23:25:30,033 QTDataCleaningModel.py[line:61] INFO runningAP007.csv
2021-02-22 23:25:40,281 QTDataCleaningModel.py[line:61] INFO runningsn2008.csv
2021-02-22 23:26:08,254 QTDataCleaningModel.py[line:61] INFO runningwr2110.csv
2021-02-22 23:26:09,008 QTDataCleaningModel.py[line:61] INFO runningsn2107.csv
2021-02-22 23:26:11,595 QTDataCleaningModel.py[line:61] INFO runningcu2109.csv
2021-02-22 23:26:17,090 QTDataCleaningModel.py[line:61] INFO runningp2011.csv
2021-02-22 23:26:31,027 QTDataCleaningModel.py[line:61] INFO runningjm2103.csv
2021-02-22 23:26:44,553 QTDataCleaningModel.py[line:61] INFO runningOI001.csv
2021-02-22 23:26:45,448 QTDataCleaningModel.py[line:61] INFO runningwr2006.csv
2021-02-22 23:26:46,648 QTDataCleaningModel.py[line:61] INFO runningv2110.csv
2021-02-22 23:26:48,034 QTDataCleaningModel.py[line:61] INFO runningCJ103.csv
2021-02-22 23:26:51,748 QTDataCleaningModel.py[line:61] INFO runningv2005.csv
2021-02-22 23:27:03,245 QTDataCleaningModel.py[line:61] INFO runningUR109.csv
2021-02-22 23:27:04,434 QTDataCleaningModel.py[line:61] INFO runningbb2111.csv
2021-02-22 23:27:05,000 QTDataCleaningModel.py[line:61] INFO runningTA107.csv
2021-02-22 23:27:14,818 QTDataCleaningModel.py[line:61] INFO runningfu2012.csv
2021-02-22 23:27:29,115 QTDataCleaningModel.py[line:61] INFO runningT2109.csv
2021-02-22 23:27:30,122 QTDataCleaningModel.py[line:61] INFO runningMA101.csv
2021-02-22 23:28:37,968 QTDataCleaningModel.py[line:61] INFO runningPM101.csv
2021-02-22 23:28:39,613 QTDataCleaningModel.py[line:61] INFO runningjm2101.csv
2021-02-22 23:29:12,213 QTDataCleaningModel.py[line:61] INFO runningcu2010.csv
2021-02-22 23:29:52,858 QTDataCleaningModel.py[line:61] INFO runningRI101.csv
2021-02-22 23:29:54,257 QTDataCleaningModel.py[line:61] INFO runningau2104.csv
2021-02-22 23:30:57,296 QTDataCleaningModel.py[line:61] INFO runninghc2106.csv
2021-02-22 23:31:09,677 QTDataCleaningModel.py[line:61] INFO runningJR011.csv
2021-02-22 23:31:11,808 QTDataCleaningModel.py[line:61] INFO runningsc2011.csv
2021-02-22 23:31:46,849 QTDataCleaningModel.py[line:61] INFO runningj2011.csv
2021-02-22 23:31:55,615 QTDataCleaningModel.py[line:61] INFO runningc2003.csv
2021-02-22 23:31:58,450 QTDataCleaningModel.py[line:61] INFO runningSA010.csv
2021-02-22 23:32:03,580 QTDataCleaningModel.py[line:61] INFO runningsc2105.csv
2021-02-22 23:32:16,374 QTDataCleaningModel.py[line:61] INFO runningfu2107.csv
2021-02-22 23:32:20,111 QTDataCleaningModel.py[line:61] INFO runningSA104.csv
2021-02-22 23:32:27,001 QTDataCleaningModel.py[line:61] INFO runningIF2001.csv
2021-02-22 23:32:31,074 QTDataCleaningModel.py[line:61] INFO runningIH2005.csv
2021-02-22 23:32:37,942 QTDataCleaningModel.py[line:61] INFO runningTA009.csv
2021-02-22 23:33:27,562 QTDataCleaningModel.py[line:61] INFO runningb2012.csv
2021-02-22 23:33:41,778 QTDataCleaningModel.py[line:61] INFO runningfu2007.csv
2021-02-22 23:34:08,751 QTDataCleaningModel.py[line:61] INFO runningcu2112.csv
2021-02-22 23:34:10,635 QTDataCleaningModel.py[line:61] INFO runningl2008.csv
2021-02-22 23:34:18,764 QTDataCleaningModel.py[line:61] INFO runningp2106.csv
2021-02-22 23:34:23,795 QTDataCleaningModel.py[line:61] INFO runningm2108.csv
2021-02-22 23:34:45,838 QTDataCleaningModel.py[line:61] INFO runningm2105.csv
2021-02-22 23:35:40,001 QTDataCleaningModel.py[line:61] INFO runningm2003.csv
2021-02-22 23:35:43,711 QTDataCleaningModel.py[line:61] INFO runningeb2101.csv
2021-02-22 23:36:20,141 QTDataCleaningModel.py[line:61] INFO runningi2004.csv
2021-02-22 23:36:22,831 QTDataCleaningModel.py[line:61] INFO runningZC003.csv
2021-02-22 23:36:24,782 QTDataCleaningModel.py[line:61] INFO runningrr2109.csv
2021-02-22 23:36:25,865 QTDataCleaningModel.py[line:61] INFO runningv2007.csv
2021-02-22 23:36:30,330 QTDataCleaningModel.py[line:61] INFO runningsp2006.csv
2021-02-22 23:36:32,897 QTDataCleaningModel.py[line:61] INFO runningal2002.csv
2021-02-22 23:36:35,383 QTDataCleaningModel.py[line:61] INFO runningSM002.csv
2021-02-22 23:36:35,856 QTDataCleaningModel.py[line:61] INFO runningp2012.csv
2021-02-22 23:36:52,329 QTDataCleaningModel.py[line:61] INFO runningpb2008.csv
2021-02-22 23:37:03,744 QTDataCleaningModel.py[line:61] INFO runninga2109.csv
2021-02-22 23:37:06,179 QTDataCleaningModel.py[line:61] INFO runningFG003.csv
2021-02-22 23:37:06,874 QTDataCleaningModel.py[line:61] INFO runningfu2105.csv
2021-02-22 23:37:32,927 QTDataCleaningModel.py[line:61] INFO runningal2010.csv
2021-02-22 23:37:58,033 QTDataCleaningModel.py[line:61] INFO runningni2006.csv
2021-02-22 23:38:28,966 QTDataCleaningModel.py[line:61] INFO runninglu2101.csv
2021-02-22 23:38:46,368 QTDataCleaningModel.py[line:61] INFO runninglu2201.csv
2021-02-22 23:38:46,763 QTDataCleaningModel.py[line:61] INFO runningag2006.csv
2021-02-22 23:39:26,595 QTDataCleaningModel.py[line:61] INFO runningFG009.csv
2021-02-22 23:40:04,401 QTDataCleaningModel.py[line:61] INFO runningal2108.csv
2021-02-22 23:40:08,533 QTDataCleaningModel.py[line:61] INFO runningwr2005.csv
2021-02-22 23:40:09,966 QTDataCleaningModel.py[line:61] INFO runningss2007.csv
2021-02-22 23:40:22,030 QTDataCleaningModel.py[line:61] INFO runningRM111.csv
2021-02-22 23:40:24,805 QTDataCleaningModel.py[line:61] INFO runningzn2105.csv
2021-02-22 23:40:40,990 QTDataCleaningModel.py[line:61] INFO runningi2010.csv
2021-02-22 23:41:01,438 QTDataCleaningModel.py[line:61] INFO runningl2010.csv
2021-02-22 23:41:12,703 QTDataCleaningModel.py[line:61] INFO runningb2008.csv
2021-02-22 23:41:22,577 QTDataCleaningModel.py[line:61] INFO runningMA103.csv
2021-02-22 23:41:36,881 QTDataCleaningModel.py[line:61] INFO runningru2003.csv
2021-02-22 23:41:37,898 QTDataCleaningModel.py[line:61] INFO runningi2102.csv
2021-02-22 23:42:03,496 QTDataCleaningModel.py[line:61] INFO runningb2003.csv
2021-02-22 23:42:07,723 QTDataCleaningModel.py[line:61] INFO runningni2009.csv
2021-02-22 23:42:53,668 QTDataCleaningModel.py[line:61] INFO runningrb2109.csv
2021-02-22 23:42:58,058 QTDataCleaningModel.py[line:61] INFO runningPF110.csv
2021-02-22 23:42:59,870 QTDataCleaningModel.py[line:61] INFO runningzn2108.csv
2021-02-22 23:43:04,589 QTDataCleaningModel.py[line:61] INFO runningbu2106.csv
2021-02-22 23:43:29,134 QTDataCleaningModel.py[line:61] INFO runningau2106.csv
2021-02-22 23:44:05,014 QTDataCleaningModel.py[line:61] INFO runningIC2010.csv
2021-02-22 23:44:13,837 QTDataCleaningModel.py[line:61] INFO runningp2102.csv
2021-02-22 23:44:41,369 QTDataCleaningModel.py[line:61] INFO runningsn2101.csv
2021-02-22 23:45:11,661 QTDataCleaningModel.py[line:61] INFO runninghc2008.csv
2021-02-22 23:45:14,057 QTDataCleaningModel.py[line:61] INFO runningjd2006.csv
2021-02-22 23:45:33,718 QTDataCleaningModel.py[line:61] INFO runningPF108.csv
2021-02-22 23:45:37,037 QTDataCleaningModel.py[line:61] INFO runningss2012.csv
2021-02-22 23:45:55,492 QTDataCleaningModel.py[line:61] INFO runningRS008.csv
2021-02-22 23:45:57,217 QTDataCleaningModel.py[line:61] INFO runningSM102.csv
2021-02-22 23:46:00,154 QTDataCleaningModel.py[line:61] INFO runningUR004.csv
2021-02-22 23:46:01,395 QTDataCleaningModel.py[line:61] INFO runninghc2001.csv
2021-02-22 23:46:01,839 QTDataCleaningModel.py[line:61] INFO runningm2112.csv
2021-02-22 23:46:02,630 QTDataCleaningModel.py[line:61] INFO runningau2011.csv
2021-02-22 23:46:05,892 QTDataCleaningModel.py[line:61] INFO runningsc2303.csv
2021-02-22 23:46:09,965 QTDataCleaningModel.py[line:61] INFO runningMA108.csv
2021-02-22 23:46:13,807 QTDataCleaningModel.py[line:61] INFO runningpb2105.csv
2021-02-22 23:46:21,799 QTDataCleaningModel.py[line:61] INFO runningsc2108.csv
2021-02-22 23:46:27,897 QTDataCleaningModel.py[line:61] INFO runningSR111.csv
2021-02-22 23:46:31,142 QTDataCleaningModel.py[line:61] INFO runningZC111.csv
2021-02-22 23:46:32,960 QTDataCleaningModel.py[line:61] INFO runningrb2105.csv
2021-02-22 23:47:18,372 QTDataCleaningModel.py[line:61] INFO runningTA002.csv
2021-02-22 23:47:19,429 QTDataCleaningModel.py[line:61] INFO runningp2103.csv
2021-02-22 23:47:42,186 QTDataCleaningModel.py[line:61] INFO runningOI107.csv
2021-02-22 23:47:52,123 QTDataCleaningModel.py[line:61] INFO runningLR105.csv
2021-02-22 23:47:53,001 QTDataCleaningModel.py[line:61] INFO runningcu2011.csv
2021-02-22 23:48:28,422 QTDataCleaningModel.py[line:61] INFO runningal2111.csv
2021-02-22 23:48:30,993 QTDataCleaningModel.py[line:61] INFO runningIF2007.csv
2021-02-22 23:48:43,652 QTDataCleaningModel.py[line:61] INFO runningau2010.csv
2021-02-22 23:49:33,595 QTDataCleaningModel.py[line:61] INFO runningbb2009.csv
2021-02-22 23:49:34,931 QTDataCleaningModel.py[line:61] INFO runningT2006.csv
2021-02-22 23:49:55,303 QTDataCleaningModel.py[line:61] INFO runninghc2107.csv
2021-02-22 23:50:00,617 QTDataCleaningModel.py[line:61] INFO runningjm2106.csv
2021-02-22 23:50:03,317 QTDataCleaningModel.py[line:61] INFO runningb2009.csv
2021-02-22 23:50:15,187 QTDataCleaningModel.py[line:61] INFO runningfu2003.csv
2021-02-22 23:50:18,510 QTDataCleaningModel.py[line:61] INFO runningMA006.csv
2021-02-22 23:50:23,044 QTDataCleaningModel.py[line:61] INFO runningbb2103.csv
2021-02-22 23:50:24,578 QTDataCleaningModel.py[line:61] INFO runningSM011.csv
2021-02-22 23:50:36,392 QTDataCleaningModel.py[line:61] INFO runningj2109.csv
2021-02-22 23:50:39,468 QTDataCleaningModel.py[line:61] INFO runningpb2111.csv
2021-02-22 23:50:41,670 QTDataCleaningModel.py[line:61] INFO runningfb2102.csv
2021-02-22 23:50:43,199 QTDataCleaningModel.py[line:61] INFO runningWH005.csv
2021-02-22 23:50:44,435 QTDataCleaningModel.py[line:61] INFO runningbu2109.csv
2021-02-22 23:50:51,336 QTDataCleaningModel.py[line:61] INFO runningsc2002.csv
2021-02-22 23:50:53,313 QTDataCleaningModel.py[line:61] INFO runninghc2010.csv
2021-02-22 23:51:42,687 QTDataCleaningModel.py[line:61] INFO runningIF2101.csv
2021-02-22 23:51:50,013 QTDataCleaningModel.py[line:61] INFO runningIH2002.csv
2021-02-22 23:51:58,732 QTDataCleaningModel.py[line:61] INFO runningOI007.csv
2021-02-22 23:52:22,806 QTDataCleaningModel.py[line:61] INFO runningal2104.csv
2021-02-22 23:52:37,310 QTDataCleaningModel.py[line:61] INFO runningsn2004.csv
2021-02-22 23:52:38,483 QTDataCleaningModel.py[line:61] INFO runningp2004.csv
2021-02-22 23:52:39,593 QTDataCleaningModel.py[line:61] INFO runningal2005.csv
2021-02-22 23:52:49,742 QTDataCleaningModel.py[line:61] INFO runningbu2002.csv
2021-02-22 23:52:50,303 QTDataCleaningModel.py[line:61] INFO runningsn2005.csv
2021-02-22 23:52:57,391 QTDataCleaningModel.py[line:61] INFO runningTA102.csv
2021-02-22 23:53:24,241 QTDataCleaningModel.py[line:61] INFO runningWH001.csv
2021-02-22 23:53:24,660 QTDataCleaningModel.py[line:61] INFO runningcs2105.csv
2021-02-22 23:53:38,702 QTDataCleaningModel.py[line:61] INFO runninga2103.csv
2021-02-22 23:53:55,672 QTDataCleaningModel.py[line:61] INFO runningMA001.csv
2021-02-22 23:53:56,507 QTDataCleaningModel.py[line:61] INFO runningjd2105.csv
2021-02-22 23:54:09,701 QTDataCleaningModel.py[line:61] INFO runningfb2005.csv
2021-02-22 23:54:14,130 QTDataCleaningModel.py[line:61] INFO runningpb2003.csv
2021-02-22 23:54:18,340 QTDataCleaningModel.py[line:61] INFO runningeg2111.csv
2021-02-22 23:54:19,252 QTDataCleaningModel.py[line:61] INFO runningFG010.csv
2021-02-22 23:54:32,093 QTDataCleaningModel.py[line:61] INFO runningOI003.csv
2021-02-22 23:54:33,657 QTDataCleaningModel.py[line:61] INFO runningfb2107.csv
2021-02-22 23:54:34,668 QTDataCleaningModel.py[line:61] INFO runningJR007.csv
2021-02-22 23:54:36,336 QTDataCleaningModel.py[line:61] INFO runningOI103.csv
2021-02-22 23:55:04,297 QTDataCleaningModel.py[line:61] INFO runningIC2002.csv
2021-02-22 23:55:13,077 QTDataCleaningModel.py[line:61] INFO runningl2106.csv
2021-02-22 23:55:16,602 QTDataCleaningModel.py[line:61] INFO runningZC005.csv
2021-02-22 23:55:25,479 QTDataCleaningModel.py[line:61] INFO runningb2007.csv
2021-02-22 23:55:36,218 QTDataCleaningModel.py[line:61] INFO runningPF107.csv
2021-02-22 23:55:39,245 QTDataCleaningModel.py[line:61] INFO runningpb2110.csv
2021-02-22 23:55:42,046 QTDataCleaningModel.py[line:61] INFO runningbc2109.csv
2021-02-22 23:55:44,282 QTDataCleaningModel.py[line:61] INFO runningni2012.csv
2021-02-22 23:56:46,570 QTDataCleaningModel.py[line:61] INFO runningZC102.csv
2021-02-22 23:56:58,829 QTDataCleaningModel.py[line:61] INFO runningSA112.csv
2021-02-22 23:56:59,365 QTDataCleaningModel.py[line:61] INFO runningnr2008.csv
2021-02-22 23:57:05,883 QTDataCleaningModel.py[line:61] INFO runninghc2012.csv
2021-02-22 23:57:10,462 QTDataCleaningModel.py[line:61] INFO runningjm2009.csv
2021-02-22 23:57:36,413 QTDataCleaningModel.py[line:61] INFO runningPM003.csv
2021-02-22 23:57:37,182 QTDataCleaningModel.py[line:61] INFO runningbc2110.csv
2021-02-22 23:57:39,090 QTDataCleaningModel.py[line:61] INFO runningrr2102.csv
2021-02-22 23:57:49,379 QTDataCleaningModel.py[line:61] INFO runningp2109.csv
2021-02-22 23:57:57,739 QTDataCleaningModel.py[line:61] INFO runningj2006.csv
2021-02-22 23:58:01,061 QTDataCleaningModel.py[line:61] INFO runningfb2101.csv
2021-02-22 23:58:08,344 QTDataCleaningModel.py[line:61] INFO runningsp2001.csv
2021-02-22 23:58:09,208 QTDataCleaningModel.py[line:61] INFO runningrb2011.csv
2021-02-22 23:58:25,207 QTDataCleaningModel.py[line:61] INFO runningsc2312.csv
2021-02-22 23:58:25,815 QTDataCleaningModel.py[line:61] INFO runningeb2106.csv
2021-02-22 23:58:32,093 QTDataCleaningModel.py[line:61] INFO runningb2111.csv
2021-02-22 23:58:33,030 QTDataCleaningModel.py[line:61] INFO runningSR003.csv
2021-02-22 23:58:37,882 QTDataCleaningModel.py[line:61] INFO runningpp2105.csv
2021-02-22 23:58:59,646 QTDataCleaningModel.py[line:61] INFO runningjm2011.csv
2021-02-22 23:59:07,615 QTDataCleaningModel.py[line:61] INFO runningj2112.csv
2021-02-22 23:59:08,352 QTDataCleaningModel.py[line:61] INFO runningsn2106.csv
2021-02-22 23:59:13,329 QTDataCleaningModel.py[line:61] INFO runningSA108.csv
2021-02-22 23:59:15,012 QTDataCleaningModel.py[line:61] INFO runningrr2003.csv
2021-02-22 23:59:15,846 QTDataCleaningModel.py[line:61] INFO runningCJ009.csv
2021-02-22 23:59:27,024 QTDataCleaningModel.py[line:61] INFO runningeb2004.csv
2021-02-22 23:59:28,827 QTDataCleaningModel.py[line:61] INFO runningWH007.csv
2021-02-22 23:59:30,208 QTDataCleaningModel.py[line:61] INFO runningni2102.csv
2021-02-23 00:00:30,643 QTDataCleaningModel.py[line:61] INFO runningTS2106.csv
2021-02-23 00:00:33,975 QTDataCleaningModel.py[line:61] INFO runningeb2011.csv
2021-02-23 00:00:48,509 QTDataCleaningModel.py[line:61] INFO runningzn2107.csv
2021-02-23 00:00:54,947 QTDataCleaningModel.py[line:61] INFO runningsn2002.csv
2021-02-23 00:00:55,578 QTDataCleaningModel.py[line:61] INFO runningeg2007.csv
2021-02-23 00:01:06,902 QTDataCleaningModel.py[line:61] INFO runningSF009.csv
2021-02-23 00:01:23,965 QTDataCleaningModel.py[line:61] INFO runningi2101.csv
2021-02-23 00:02:32,081 QTDataCleaningModel.py[line:61] INFO runningRM107.csv
2021-02-23 00:02:37,094 QTDataCleaningModel.py[line:61] INFO runningCF011.csv
2021-02-23 00:03:00,377 QTDataCleaningModel.py[line:61] INFO runningag2108.csv
2021-02-23 00:03:09,276 QTDataCleaningModel.py[line:61] INFO runningb2109.csv
2021-02-23 00:03:10,670 QTDataCleaningModel.py[line:61] INFO runningp2010.csv
2021-02-23 00:03:22,042 QTDataCleaningModel.py[line:61] INFO runningbc2111.csv
2021-02-23 00:03:23,858 QTDataCleaningModel.py[line:61] INFO runningMA109.csv
2021-02-23 00:03:30,689 QTDataCleaningModel.py[line:61] INFO runningpg2110.csv
2021-02-23 00:03:32,934 QTDataCleaningModel.py[line:61] INFO runningTF2012.csv
2021-02-23 00:03:56,647 QTDataCleaningModel.py[line:61] INFO runningrb2008.csv
2021-02-23 00:04:05,224 QTDataCleaningModel.py[line:61] INFO runningbc2108.csv
2021-02-23 00:04:06,859 QTDataCleaningModel.py[line:61] INFO runningzn2001.csv
2021-02-23 00:04:08,042 QTDataCleaningModel.py[line:61] INFO runningru2104.csv
2021-02-23 00:04:34,810 QTDataCleaningModel.py[line:61] INFO runningv2101.csv
2021-02-23 00:05:18,434 QTDataCleaningModel.py[line:61] INFO runningpp2108.csv
2021-02-23 00:05:23,027 QTDataCleaningModel.py[line:61] INFO runningFG103.csv
2021-02-23 00:05:34,006 QTDataCleaningModel.py[line:61] INFO runningi2005.csv
2021-02-23 00:05:57,224 QTDataCleaningModel.py[line:61] INFO runningTF2003.csv
2021-02-23 00:06:01,413 QTDataCleaningModel.py[line:61] INFO runningi2110.csv
2021-02-23 00:06:04,134 QTDataCleaningModel.py[line:61] INFO runningcu2101.csv
2021-02-23 00:06:45,974 QTDataCleaningModel.py[line:61] INFO runningau2108.csv
2021-02-23 00:07:19,034 QTDataCleaningModel.py[line:61] INFO runningal2004.csv
2021-02-23 00:07:26,688 QTDataCleaningModel.py[line:61] INFO runningni2108.csv
2021-02-23 00:07:34,314 QTDataCleaningModel.py[line:61] INFO runningjd2107.csv
2021-02-23 00:07:36,760 QTDataCleaningModel.py[line:61] INFO runningfu2006.csv
2021-02-23 00:08:01,018 QTDataCleaningModel.py[line:61] INFO runningUR005.csv
2021-02-23 00:08:08,951 QTDataCleaningModel.py[line:61] INFO runningCY005.csv
2021-02-23 00:08:14,614 QTDataCleaningModel.py[line:61] INFO runningjm2001.csv
2021-02-23 00:08:15,209 QTDataCleaningModel.py[line:61] INFO runningsp2108.csv
2021-02-23 00:08:17,198 QTDataCleaningModel.py[line:61] INFO runningIH2006.csv
2021-02-23 00:08:37,408 QTDataCleaningModel.py[line:61] INFO runningpp2011.csv
2021-02-23 00:08:56,001 QTDataCleaningModel.py[line:61] INFO runningCY109.csv
2021-02-23 00:08:58,176 QTDataCleaningModel.py[line:61] INFO runningsc2008.csv
2021-02-23 00:09:35,393 QTDataCleaningModel.py[line:61] INFO runningsp2112.csv
2021-02-23 00:09:36,456 QTDataCleaningModel.py[line:61] INFO runningeg2103.csv
2021-02-23 00:10:00,329 QTDataCleaningModel.py[line:61] INFO runningfu2005.csv
2021-02-23 00:10:27,299 QTDataCleaningModel.py[line:61] INFO runningeg2006.csv
2021-02-23 00:10:35,582 QTDataCleaningModel.py[line:61] INFO runningru2010.csv
2021-02-23 00:10:42,480 QTDataCleaningModel.py[line:61] INFO runningZC009.csv
2021-02-23 00:11:09,572 QTDataCleaningModel.py[line:61] INFO runningpg2108.csv
2021-02-23 00:11:13,400 QTDataCleaningModel.py[line:61] INFO runninghc2111.csv
2021-02-23 00:11:16,237 QTDataCleaningModel.py[line:61] INFO runningCF005.csv
2021-02-23 00:11:52,967 QTDataCleaningModel.py[line:61] INFO runningi2103.csv
2021-02-23 00:12:19,947 QTDataCleaningModel.py[line:61] INFO runningi2107.csv
2021-02-23 00:12:25,334 QTDataCleaningModel.py[line:61] INFO runninglu2107.csv
2021-02-23 00:12:27,951 QTDataCleaningModel.py[line:61] INFO runningb2104.csv
2021-02-23 00:12:34,405 QTDataCleaningModel.py[line:61] INFO runningbb2004.csv
2021-02-23 00:12:35,293 QTDataCleaningModel.py[line:61] INFO runningzn2104.csv
2021-02-23 00:12:49,938 QTDataCleaningModel.py[line:61] INFO runningp2002.csv
2021-02-23 00:12:50,593 QTDataCleaningModel.py[line:61] INFO runningzn2012.csv
2021-02-23 00:13:25,469 QTDataCleaningModel.py[line:61] INFO runningJR107.csv
2021-02-23 00:13:26,309 QTDataCleaningModel.py[line:61] INFO runningWH111.csv
2021-02-23 00:13:27,051 QTDataCleaningModel.py[line:61] INFO runningWH101.csv
2021-02-23 00:13:29,169 QTDataCleaningModel.py[line:61] INFO runningzn2101.csv
2021-02-23 00:14:05,693 QTDataCleaningModel.py[line:61] INFO runningfb2003.csv
2021-02-23 00:14:06,243 QTDataCleaningModel.py[line:61] INFO runningUR002.csv
2021-02-23 00:14:06,866 QTDataCleaningModel.py[line:61] INFO runningb2107.csv
2021-02-23 00:14:09,722 QTDataCleaningModel.py[line:61] INFO runningcs2109.csv
2021-02-23 00:14:11,455 QTDataCleaningModel.py[line:61] INFO runningTS2109.csv
2021-02-23 00:14:12,618 QTDataCleaningModel.py[line:61] INFO runningag2101.csv
2021-02-23 00:15:41,682 QTDataCleaningModel.py[line:61] INFO runningIF2106.csv
2021-02-23 00:15:50,188 QTDataCleaningModel.py[line:61] INFO runningbu2009.csv
2021-02-23 00:16:11,112 QTDataCleaningModel.py[line:61] INFO runningp2101.csv
2021-02-23 00:17:15,464 QTDataCleaningModel.py[line:61] INFO runningl2104.csv
2021-02-23 00:17:27,850 QTDataCleaningModel.py[line:61] INFO runningjm2110.csv
2021-02-23 00:17:28,932 QTDataCleaningModel.py[line:61] INFO runningj2004.csv
2021-02-23 00:17:30,217 QTDataCleaningModel.py[line:61] INFO runningi2105.csv
2021-02-23 00:18:12,402 QTDataCleaningModel.py[line:61] INFO runningjd2109.csv
2021-02-23 00:18:15,738 QTDataCleaningModel.py[line:61] INFO runningsp2003.csv
2021-02-23 00:18:16,965 QTDataCleaningModel.py[line:61] INFO runningfu2010.csv
2021-02-23 00:18:37,092 QTDataCleaningModel.py[line:61] INFO runningrr2010.csv
2021-02-23 00:18:43,235 QTDataCleaningModel.py[line:61] INFO runningRM008.csv
2021-02-23 00:18:47,535 QTDataCleaningModel.py[line:61] INFO runningSF105.csv
2021-02-23 00:18:55,310 QTDataCleaningModel.py[line:61] INFO runningsc2009.csv
2021-02-23 00:19:30,058 QTDataCleaningModel.py[line:61] INFO runningfu2009.csv
2021-02-23 00:20:24,496 QTDataCleaningModel.py[line:61] INFO runningau2005.csv
2021-02-23 00:20:27,101 QTDataCleaningModel.py[line:61] INFO runningsc2212.csv
2021-02-23 00:20:31,793 QTDataCleaningModel.py[line:61] INFO runningeb2010.csv
2021-02-23 00:20:49,676 QTDataCleaningModel.py[line:61] INFO runningRM005.csv
2021-02-23 00:21:14,648 QTDataCleaningModel.py[line:61] INFO runningm2107.csv
2021-02-23 00:21:36,199 QTDataCleaningModel.py[line:61] INFO runningnr2003.csv
2021-02-23 00:21:39,454 QTDataCleaningModel.py[line:61] INFO runningUR011.csv
2021-02-23 00:21:42,503 QTDataCleaningModel.py[line:61] INFO runningPM109.csv
2021-02-23 00:21:43,863 QTDataCleaningModel.py[line:61] INFO runningLR001.csv
2021-02-23 00:21:44,270 QTDataCleaningModel.py[line:61] INFO runningss2112.csv
2021-02-23 00:21:45,301 QTDataCleaningModel.py[line:61] INFO runningrb2012.csv
2021-02-23 00:21:57,289 QTDataCleaningModel.py[line:61] INFO runningrr2110.csv
2021-02-23 00:21:58,190 QTDataCleaningModel.py[line:61] INFO runningm2101.csv
2021-02-23 00:23:03,970 QTDataCleaningModel.py[line:61] INFO runningj2003.csv
2021-02-23 00:23:04,918 QTDataCleaningModel.py[line:61] INFO runningeb2110.csv
2021-02-23 00:23:08,134 QTDataCleaningModel.py[line:61] INFO runningj2101.csv
2021-02-23 00:24:00,501 QTDataCleaningModel.py[line:61] INFO runningpb2011.csv
2021-02-23 00:24:16,915 QTDataCleaningModel.py[line:61] INFO runningrb2104.csv
2021-02-23 00:24:43,520 QTDataCleaningModel.py[line:61] INFO runningLR111.csv
2021-02-23 00:24:44,002 QTDataCleaningModel.py[line:61] INFO runningni2004.csv
2021-02-23 00:25:06,872 QTDataCleaningModel.py[line:61] INFO runningZC012.csv
2021-02-23 00:25:15,766 QTDataCleaningModel.py[line:61] INFO runningIF2009.csv
2021-02-23 00:25:51,330 QTDataCleaningModel.py[line:61] INFO runningi2108.csv
2021-02-23 00:25:55,979 QTDataCleaningModel.py[line:61] INFO runningpp2010.csv
2021-02-23 00:26:19,596 QTDataCleaningModel.py[line:61] INFO runningsc2206.csv
2021-02-23 00:26:24,869 QTDataCleaningModel.py[line:61] INFO runningZC007.csv
2021-02-23 00:26:36,289 QTDataCleaningModel.py[line:61] INFO runningag2001.csv
2021-02-23 00:26:37,040 QTDataCleaningModel.py[line:61] INFO runningAP111.csv
2021-02-23 00:26:39,190 QTDataCleaningModel.py[line:61] INFO runningcu2103.csv
2021-02-23 00:27:07,287 QTDataCleaningModel.py[line:61] INFO runningCY103.csv
2021-02-23 00:27:08,707 QTDataCleaningModel.py[line:61] INFO runningpb2101.csv
2021-02-23 00:27:27,930 QTDataCleaningModel.py[line:61] INFO runningOI009.csv
2021-02-23 00:28:14,502 QTDataCleaningModel.py[line:61] INFO runningTA109.csv
2021-02-23 00:28:29,654 QTDataCleaningModel.py[line:61] INFO runningfb2006.csv
2021-02-23 00:28:30,548 QTDataCleaningModel.py[line:61] INFO runningfb2009.csv
2021-02-23 00:28:33,713 QTDataCleaningModel.py[line:61] INFO runningbu2206.csv
2021-02-23 00:28:36,086 QTDataCleaningModel.py[line:61] INFO runningni2010.csv
2021-02-23 00:29:38,742 QTDataCleaningModel.py[line:61] INFO runningm2007.csv
2021-02-23 00:29:50,779 QTDataCleaningModel.py[line:61] INFO runningpg2107.csv
2021-02-23 00:29:53,723 QTDataCleaningModel.py[line:61] INFO runningZC105.csv
2021-02-23 00:30:07,154 QTDataCleaningModel.py[line:61] INFO runningbc2105.csv
2021-02-23 00:30:13,431 QTDataCleaningModel.py[line:61] INFO runningsn2112.csv
2021-02-23 00:30:14,229 QTDataCleaningModel.py[line:61] INFO runningTS2012.csv
2021-02-23 00:30:28,437 QTDataCleaningModel.py[line:61] INFO runningal2103.csv
2021-02-23 00:30:47,132 QTDataCleaningModel.py[line:61] INFO runningLR107.csv
2021-02-23 00:30:48,062 QTDataCleaningModel.py[line:61] INFO runningTA108.csv
2021-02-23 00:30:53,919 QTDataCleaningModel.py[line:61] INFO runningi2012.csv
2021-02-23 00:31:08,193 QTDataCleaningModel.py[line:61] INFO runningnr2005.csv
2021-02-23 00:31:16,166 QTDataCleaningModel.py[line:61] INFO runningag2110.csv
2021-02-23 00:31:20,534 QTDataCleaningModel.py[line:61] INFO runningSF012.csv
2021-02-23 00:31:29,472 QTDataCleaningModel.py[line:61] INFO runningSR101.csv
2021-02-23 00:32:35,554 QTDataCleaningModel.py[line:61] INFO runningTS2006.csv
2021-02-23 00:32:43,671 QTDataCleaningModel.py[line:61] INFO runningTA004.csv
2021-02-23 00:32:46,803 QTDataCleaningModel.py[line:61] INFO runningRI103.csv
2021-02-23 00:32:48,288 QTDataCleaningModel.py[line:61] INFO runningSF109.csv
2021-02-23 00:32:51,037 QTDataCleaningModel.py[line:61] INFO runningrb2006.csv
2021-02-23 00:32:56,257 QTDataCleaningModel.py[line:61] INFO runningTF2009.csv
2021-02-23 00:33:19,138 QTDataCleaningModel.py[line:61] INFO runningRS007.csv
2021-02-23 00:33:20,855 QTDataCleaningModel.py[line:61] INFO runningsc2209.csv
2021-02-23 00:33:24,800 QTDataCleaningModel.py[line:61] INFO runningSF102.csv
2021-02-23 00:33:29,344 QTDataCleaningModel.py[line:61] INFO runningAP011.csv
2021-02-23 00:33:45,204 QTDataCleaningModel.py[line:61] INFO runningeb2108.csv
2021-02-23 00:33:49,783 QTDataCleaningModel.py[line:61] INFO runningAP005.csv
2021-02-23 00:34:10,405 QTDataCleaningModel.py[line:61] INFO runningfb2106.csv
2021-02-23 00:34:11,327 QTDataCleaningModel.py[line:61] INFO runningfu2004.csv
2021-02-23 00:34:15,823 QTDataCleaningModel.py[line:61] INFO runningTA005.csv
2021-02-23 00:34:39,947 QTDataCleaningModel.py[line:61] INFO runningrr2112.csv
2021-02-23 00:34:40,595 QTDataCleaningModel.py[line:61] INFO runningTA104.csv
2021-02-23 00:34:54,470 QTDataCleaningModel.py[line:61] INFO runningfb2103.csv
2021-02-23 00:34:56,108 QTDataCleaningModel.py[line:61] INFO runninga2003.csv
2021-02-23 00:34:56,927 QTDataCleaningModel.py[line:61] INFO runningWH011.csv
2021-02-23 00:34:58,665 QTDataCleaningModel.py[line:61] INFO runningzn2102.csv
2021-02-23 00:35:25,871 QTDataCleaningModel.py[line:61] INFO runningZC008.csv
2021-02-23 00:35:28,779 QTDataCleaningModel.py[line:61] INFO runningbc2103.csv
2021-02-23 00:35:37,099 QTDataCleaningModel.py[line:61] INFO runningOI101.csv
2021-02-23 00:36:45,491 QTDataCleaningModel.py[line:61] INFO runningIF2011.csv
2021-02-23 00:36:56,613 QTDataCleaningModel.py[line:61] INFO runninghc2108.csv
2021-02-23 00:36:59,050 QTDataCleaningModel.py[line:61] INFO runningj2001.csv
2021-02-23 00:36:59,823 QTDataCleaningModel.py[line:61] INFO runningy2107.csv
2021-02-23 00:37:22,528 QTDataCleaningModel.py[line:61] INFO runningp2001.csv
2021-02-23 00:37:23,062 QTDataCleaningModel.py[line:61] INFO runningbu2003.csv
2021-02-23 00:37:24,182 QTDataCleaningModel.py[line:61] INFO runningcs2103.csv
2021-02-23 00:37:43,033 QTDataCleaningModel.py[line:61] INFO runningMA011.csv
2021-02-23 00:38:07,182 QTDataCleaningModel.py[line:61] INFO runningTS2103.csv
2021-02-23 00:38:15,611 QTDataCleaningModel.py[line:61] INFO runningss2109.csv
2021-02-23 00:38:17,234 QTDataCleaningModel.py[line:61] INFO runningp2107.csv
2021-02-23 00:38:21,914 QTDataCleaningModel.py[line:61] INFO runningeb2007.csv
2021-02-23 00:38:32,151 QTDataCleaningModel.py[line:61] INFO runningv2010.csv
2021-02-23 00:38:38,964 QTDataCleaningModel.py[line:61] INFO runningLR007.csv
2021-02-23 00:38:40,633 QTDataCleaningModel.py[line:61] INFO runningCY112.csv
2021-02-23 00:38:41,094 QTDataCleaningModel.py[line:61] INFO runningru2111.csv
2021-02-23 00:38:43,797 QTDataCleaningModel.py[line:61] INFO runningpp2103.csv
2021-02-23 00:39:09,907 QTDataCleaningModel.py[line:61] INFO runningCY011.csv
2021-02-23 00:39:11,361 QTDataCleaningModel.py[line:61] INFO runningjm2112.csv
2021-02-23 00:39:12,277 QTDataCleaningModel.py[line:61] INFO runningFG102.csv
2021-02-23 00:39:19,482 QTDataCleaningModel.py[line:61] INFO runningFG007.csv
2021-02-23 00:39:24,824 QTDataCleaningModel.py[line:61] INFO runningT2009.csv
2021-02-23 00:39:54,461 QTDataCleaningModel.py[line:61] INFO runningl2009.csv
2021-02-23 00:40:34,769 QTDataCleaningModel.py[line:61] INFO runningb2112.csv
2021-02-23 00:40:35,373 QTDataCleaningModel.py[line:61] INFO runningni2002.csv
2021-02-23 00:40:42,928 QTDataCleaningModel.py[line:61] INFO runningcu2004.csv
2021-02-23 00:40:53,896 QTDataCleaningModel.py[line:61] INFO runningi2002.csv
2021-02-23 00:40:54,712 QTDataCleaningModel.py[line:61] INFO runningsp2012.csv
2021-02-23 00:41:17,554 QTDataCleaningModel.py[line:61] INFO runningbb2107.csv
2021-02-23 00:41:18,393 QTDataCleaningModel.py[line:61] INFO runningCY110.csv
2021-02-23 00:41:19,363 QTDataCleaningModel.py[line:61] INFO runningau2006.csv
2021-02-23 00:41:54,045 QTDataCleaningModel.py[line:61] INFO runningeg2106.csv
2021-02-23 00:41:58,433 QTDataCleaningModel.py[line:61] INFO runningSA107.csv
2021-02-23 00:42:00,727 QTDataCleaningModel.py[line:61] INFO runninglu2111.csv
2021-02-23 00:42:01,832 QTDataCleaningModel.py[line:61] INFO runningpp2107.csv
2021-02-23 00:42:07,866 QTDataCleaningModel.py[line:61] INFO runningIF2008.csv
2021-02-23 00:42:19,813 QTDataCleaningModel.py[line:61] INFO runningWH107.csv
2021-02-23 00:42:21,180 QTDataCleaningModel.py[line:61] INFO runningFG106.csv
2021-02-23 00:42:28,737 QTDataCleaningModel.py[line:61] INFO runningMA005.csv
2021-02-23 00:43:00,724 QTDataCleaningModel.py[line:61] INFO runningtickdatapart3.zip
